[    0.000000] Linux version 4.15.0-139-generic (buildd@lgw01-amd64-035) (gcc version 7.5.0 (Ubuntu 7.5.0-3ubuntu1~18.04)) #143-Ubuntu SMP Tue Mar 16 01:30:17 UTC 2021 (Ubuntu 4.15.0-139.143-generic 4.15.18)
[    0.000000] Command line: BOOT_IMAGE=/boot/vmlinuz-4.15.0-139-generic root=LABEL=cloudimg-rootfs ro console=tty1 console=ttyS0
[    0.000000] KERNEL supported cpus:
[    0.000000]   Intel GenuineIntel
[    0.000000]   AMD AuthenticAMD
[    0.000000]   Centaur CentaurHauls
[    0.000000] x86/fpu: Supporting XSAVE feature 0x001: 'x87 floating point registers'
[    0.000000] x86/fpu: Supporting XSAVE feature 0x002: 'SSE registers'
[    0.000000] x86/fpu: Supporting XSAVE feature 0x004: 'AVX registers'
[    0.000000] x86/fpu: xstate_offset[2]:  576, xstate_sizes[2]:  256
[    0.000000] x86/fpu: Enabled xstate features 0x7, context size is 832 bytes, using 'standard' format.
[    0.000000] e820: BIOS-provided physical RAM map:
[    0.000000] BIOS-e820: [mem 0x0000000000000000-0x000000000009fbff] usable
[    0.000000] BIOS-e820: [mem 0x000000000009fc00-0x000000000009ffff] reserved
[    0.000000] BIOS-e820: [mem 0x00000000000f0000-0x00000000000fffff] reserved
[    0.000000] BIOS-e820: [mem 0x0000000000100000-0x000000007ffeffff] usable
[    0.000000] BIOS-e820: [mem 0x000000007fff0000-0x000000007fffffff] ACPI data
[    0.000000] BIOS-e820: [mem 0x00000000fec00000-0x00000000fec00fff] reserved
[    0.000000] BIOS-e820: [mem 0x00000000fee00000-0x00000000fee00fff] reserved
[    0.000000] BIOS-e820: [mem 0x00000000fffc0000-0x00000000ffffffff] reserved
[    0.000000] NX (Execute Disable) protection: active
[    0.000000] SMBIOS 2.5 present.
[    0.000000] DMI: innotek GmbH VirtualBox/VirtualBox, BIOS VirtualBox 12/01/2006
[    0.000000] Hypervisor detected: KVM
[    0.000000] e820: last_pfn = 0x7fff0 max_arch_pfn = 0x400000000
[    0.000000] MTRR: Disabled
[    0.000000] x86/PAT: MTRRs disabled, skipping PAT initialization too.
[    0.000000] CPU MTRRs all blank - virtualized system.
[    0.000000] x86/PAT: Configuration [0-7]: WB  WT  UC- UC  WB  WT  UC- UC  
[    0.000000] found SMP MP-table at [mem 0x0009fff0-0x0009ffff]
[    0.000000] Scanning 1 areas for low memory corruption
[    0.000000] RAMDISK: [mem 0x35a63000-0x36d28fff]
[    0.000000] ACPI: Early table checksum verification disabled
[    0.000000] ACPI: RSDP 0x00000000000E0000 000024 (v02 VBOX  )
[    0.000000] ACPI: XSDT 0x000000007FFF0030 00003C (v01 VBOX   VBOXXSDT 00000001 ASL  00000061)
[    0.000000] ACPI: FACP 0x000000007FFF00F0 0000F4 (v04 VBOX   VBOXFACP 00000001 ASL  00000061)
[    0.000000] ACPI: DSDT 0x000000007FFF0480 002325 (v02 VBOX   VBOXBIOS 00000002 INTL 20120111)
[    0.000000] ACPI: FACS 0x000000007FFF0200 000040
[    0.000000] ACPI: FACS 0x000000007FFF0200 000040
[    0.000000] ACPI: APIC 0x000000007FFF0240 00006C (v02 VBOX   VBOXAPIC 00000001 ASL  00000061)
[    0.000000] ACPI: SSDT 0x000000007FFF02B0 0001CC (v01 VBOX   VBOXCPUT 00000002 INTL 20120111)
[    0.000000] No NUMA configuration found
[    0.000000] Faking a node at [mem 0x0000000000000000-0x000000007ffeffff]
[    0.000000] NODE_DATA(0) allocated [mem 0x7ffc5000-0x7ffeffff]
[    0.000000] kvm-clock: cpu 0, msr 0:7ff44001, primary cpu clock
[    0.000000] kvm-clock: Using msrs 4b564d01 and 4b564d00
[    0.000000] kvm-clock: using sched offset of 3312947381 cycles
[    0.000000] clocksource: kvm-clock: mask: 0xffffffffffffffff max_cycles: 0x1cd42e4dffb, max_idle_ns: 881590591483 ns
[    0.000000] Zone ranges:
[    0.000000]   DMA      [mem 0x0000000000001000-0x0000000000ffffff]
[    0.000000]   DMA32    [mem 0x0000000001000000-0x000000007ffeffff]
[    0.000000]   Normal   empty
[    0.000000]   Device   empty
[    0.000000] Movable zone start for each node
[    0.000000] Early memory node ranges
[    0.000000]   node   0: [mem 0x0000000000001000-0x000000000009efff]
[    0.000000]   node   0: [mem 0x0000000000100000-0x000000007ffeffff]
[    0.000000] Reserved but unavailable: 98 pages
[    0.000000] Initmem setup node 0 [mem 0x0000000000001000-0x000000007ffeffff]
[    0.000000] ACPI: PM-Timer IO Port: 0x4008
[    0.000000] IOAPIC[0]: apic_id 4, version 32, address 0xfec00000, GSI 0-23
[    0.000000] ACPI: INT_SRC_OVR (bus 0 bus_irq 0 global_irq 2 dfl dfl)
[    0.000000] ACPI: INT_SRC_OVR (bus 0 bus_irq 9 global_irq 9 low level)
[    0.000000] Using ACPI (MADT) for SMP configuration information
[    0.000000] smpboot: Allowing 4 CPUs, 0 hotplug CPUs
[    0.000000] PM: Registered nosave memory: [mem 0x00000000-0x00000fff]
[    0.000000] PM: Registered nosave memory: [mem 0x0009f000-0x0009ffff]
[    0.000000] PM: Registered nosave memory: [mem 0x000a0000-0x000effff]
[    0.000000] PM: Registered nosave memory: [mem 0x000f0000-0x000fffff]
[    0.000000] e820: [mem 0x80000000-0xfebfffff] available for PCI devices
[    0.000000] Booting paravirtualized kernel on KVM
[    0.000000] clocksource: refined-jiffies: mask: 0xffffffff max_cycles: 0xffffffff, max_idle_ns: 7645519600211568 ns
[    0.000000] random: get_random_bytes called from start_kernel+0x99/0x500 with crng_init=0
[    0.000000] setup_percpu: NR_CPUS:8192 nr_cpumask_bits:4 nr_cpu_ids:4 nr_node_ids:1
[    0.000000] percpu: Embedded 45 pages/cpu s147456 r8192 d28672 u524288
[    0.000000] PV qspinlock hash table entries: 256 (order: 0, 4096 bytes)
[    0.000000] Built 1 zonelists, mobility grouping on.  Total pages: 515961
[    0.000000] Policy zone: DMA32
[    0.000000] Kernel command line: BOOT_IMAGE=/boot/vmlinuz-4.15.0-139-generic root=LABEL=cloudimg-rootfs ro console=tty1 console=ttyS0
[    0.000000] Memory: 2014852K/2096696K available (12300K kernel code, 2483K rwdata, 4276K rodata, 2440K init, 2724K bss, 81844K reserved, 0K cma-reserved)
[    0.000000] SLUB: HWalign=64, Order=0-3, MinObjects=0, CPUs=4, Nodes=1
[    0.000000] Kernel/User page tables isolation: enabled
[    0.000000] ftrace: allocating 39429 entries in 155 pages
[    0.004000] Hierarchical RCU implementation.
[    0.004000] 	RCU restricting CPUs from NR_CPUS=8192 to nr_cpu_ids=4.
[    0.004000] 	Tasks RCU enabled.
[    0.004000] RCU: Adjusting geometry for rcu_fanout_leaf=16, nr_cpu_ids=4
[    0.004000] NR_IRQS: 524544, nr_irqs: 456, preallocated irqs: 16
[    0.004000] Console: colour VGA+ 80x25
[    0.004000] console [tty1] enabled
[    0.004000] console [ttyS0] enabled
[    0.004000] ACPI: Core revision 20170831
[    0.004000] ACPI: 2 ACPI AML tables successfully acquired and loaded
[    0.004000] APIC: Switch to symmetric I/O mode setup
[    0.004000] x2apic enabled
[    0.004000] Switched APIC routing to physical x2apic.
[    0.004000] ..TIMER: vector=0x30 apic1=0 pin1=2 apic2=-1 pin2=-1
[    0.004000] tsc: Detected 3791.998 MHz processor
[    0.004006] Calibrating delay loop (skipped) preset value.. 7583.99 BogoMIPS (lpj=15167992)
[    0.005271] pid_max: default: 32768 minimum: 301
[    0.006028] Security Framework initialized
[    0.006682] Yama: becoming mindful.
[    0.007283] AppArmor: AppArmor initialized
[    0.009235] Dentry cache hash table entries: 262144 (order: 9, 2097152 bytes)
[    0.011367] Inode-cache hash table entries: 131072 (order: 8, 1048576 bytes)
[    0.012016] Mount-cache hash table entries: 4096 (order: 3, 32768 bytes)
[    0.012959] Mountpoint-cache hash table entries: 4096 (order: 3, 32768 bytes)
[    0.014155] Last level iTLB entries: 4KB 64, 2MB 8, 4MB 8
[    0.014944] Last level dTLB entries: 4KB 64, 2MB 0, 4MB 0, 1GB 4
[    0.016004] Spectre V1 : Mitigation: usercopy/swapgs barriers and __user pointer sanitization
[    0.017283] Spectre V2 : Mitigation: Full generic retpoline
[    0.018120] Spectre V2 : Spectre v2 / SpectreRSB mitigation: Filling RSB on context switch
[    0.019452] Speculative Store Bypass: Vulnerable
[    0.020035] MDS: Mitigation: Clear CPU buffers
[    0.020942] Freeing SMP alternatives memory: 36K
[    0.132073] smpboot: CPU0: Intel(R) Core(TM) i7-10700K CPU @ 3.80GHz (family: 0x6, model: 0xa5, stepping: 0x5)
[    0.133564] Performance Events: unsupported p6 CPU model 165 no PMU driver, software events only.
[    0.134878] Hierarchical SRCU implementation.
[    0.135938] NMI watchdog: Perf event create on CPU 0 failed with -2
[    0.136001] NMI watchdog: Perf NMI watchdog permanently disabled
[    0.136905] smp: Bringing up secondary CPUs ...
[    0.137676] x86: Booting SMP configuration:
[    0.138385] .... node  #0, CPUs:      #1
[    0.004000] kvm-clock: cpu 1, msr 0:7ff44041, secondary cpu clock
[    0.143033]  #2
[    0.004000] kvm-clock: cpu 2, msr 0:7ff44081, secondary cpu clock
[    0.146547]  #3
[    0.004000] kvm-clock: cpu 3, msr 0:7ff440c1, secondary cpu clock
[    0.150195] smp: Brought up 1 node, 4 CPUs
[    0.150195] smpboot: Max logical packages: 1
[    0.150195] smpboot: Total of 4 processors activated (30335.98 BogoMIPS)
[    0.152118] devtmpfs: initialized
[    0.152545] x86/mm: Memory block size: 128MB
[    0.153295] evm: security.selinux
[    0.153816] evm: security.SMACK64
[    0.154370] evm: security.SMACK64EXEC
[    0.154948] evm: security.SMACK64TRANSMUTE
[    0.156002] evm: security.SMACK64MMAP
[    0.156662] evm: security.apparmor
[    0.157279] evm: security.ima
[    0.157732] evm: security.capability
[    0.158317] clocksource: jiffies: mask: 0xffffffff max_cycles: 0xffffffff, max_idle_ns: 7645041785100000 ns
[    0.160008] futex hash table entries: 1024 (order: 4, 65536 bytes)
[    0.161081] pinctrl core: initialized pinctrl subsystem
[    0.162147] RTC time:  6:29:14, date: 03/21/21
[    0.162949] NET: Registered protocol family 16
[    0.164050] audit: initializing netlink subsys (disabled)
[    0.164858] audit: type=2000 audit(1616308159.520:1): state=initialized audit_enabled=0 res=1
[    0.164858] cpuidle: using governor ladder
[    0.164858] cpuidle: using governor menu
[    0.165271] ACPI: bus type PCI registered
[    0.168005] acpiphp: ACPI Hot Plug PCI Controller Driver version: 0.5
[    0.169057] PCI: Using configuration type 1 for base access
[    0.169944] HugeTLB registered 2.00 MiB page size, pre-allocated 0 pages
[    0.172073] ACPI: Added _OSI(Module Device)
[    0.172742] ACPI: Added _OSI(Processor Device)
[    0.173421] ACPI: Added _OSI(3.0 _SCP Extensions)
[    0.174149] ACPI: Added _OSI(Processor Aggregator Device)
[    0.174931] ACPI: Added _OSI(Linux-Dell-Video)
[    0.176007] ACPI: Added _OSI(Linux-Lenovo-NV-HDMI-Audio)
[    0.176795] ACPI: Added _OSI(Linux-HPI-Hybrid-Graphics)
[    0.177969] ACPI: Executed 1 blocks of module-level executable AML code
[    0.182168] ACPI: Interpreter enabled
[    0.182748] ACPI: (supports S0 S5)
[    0.183280] ACPI: Using IOAPIC for interrupt routing
[    0.184149] PCI: Using host bridge windows from ACPI; if necessary, use "pci=nocrs" and report a bug
[    0.185773] ACPI: Enabled 2 GPEs in block 00 to 07
[    0.191781] ACPI: PCI Root Bridge [PCI0] (domain 0000 [bus 00-ff])
[    0.192007] acpi PNP0A03:00: _OSC: OS supports [ASPM ClockPM Segments MSI]
[    0.193312] acpi PNP0A03:00: _OSC: not requesting OS control; OS requires [ExtendedConfig ASPM ClockPM MSI]
[    0.194842] acpi PNP0A03:00: fail to add MMCONFIG information, can't access extended PCI configuration space under this bridge.
[    0.196391] PCI host bridge to bus 0000:00
[    0.197003] pci_bus 0000:00: root bus resource [io  0x0000-0x0cf7 window]
[    0.198009] pci_bus 0000:00: root bus resource [io  0x0d00-0xffff window]
[    0.198976] pci_bus 0000:00: root bus resource [mem 0x000a0000-0x000bffff window]
[    0.200002] pci_bus 0000:00: root bus resource [mem 0x80000000-0xfdffffff window]
[    0.201089] pci_bus 0000:00: root bus resource [bus 00-ff]
[    0.205029] pci 0000:00:01.1: legacy IDE quirk: reg 0x10: [io  0x01f0-0x01f7]
[    0.206180] pci 0000:00:01.1: legacy IDE quirk: reg 0x14: [io  0x03f6]
[    0.207331] pci 0000:00:01.1: legacy IDE quirk: reg 0x18: [io  0x0170-0x0177]
[    0.208002] pci 0000:00:01.1: legacy IDE quirk: reg 0x1c: [io  0x0376]
[    0.226422] pci 0000:00:07.0: quirk: [io  0x4000-0x403f] claimed by PIIX4 ACPI
[    0.227552] pci 0000:00:07.0: quirk: [io  0x4100-0x410f] claimed by PIIX4 SMB
[    0.237503] ACPI: PCI Interrupt Link [LNKA] (IRQs 5 9 10 *11)
[    0.238651] ACPI: PCI Interrupt Link [LNKB] (IRQs 5 9 *10 11)
[    0.239641] ACPI: PCI Interrupt Link [LNKC] (IRQs 5 *9 10 11)
[    0.240105] ACPI: PCI Interrupt Link [LNKD] (IRQs 5 9 10 *11)
[    0.241140] SCSI subsystem initialized
[    0.241749] pci 0000:00:02.0: vgaarb: setting as boot VGA device
[    0.241749] pci 0000:00:02.0: vgaarb: VGA device added: decodes=io+mem,owns=io+mem,locks=none
[    0.244014] pci 0000:00:02.0: vgaarb: bridge control possible
[    0.245052] vgaarb: loaded
[    0.245512] ACPI: bus type USB registered
[    0.246177] usbcore: registered new interface driver usbfs
[    0.246993] usbcore: registered new interface driver hub
[    0.248008] usbcore: registered new device driver usb
[    0.248786] EDAC MC: Ver: 3.0.0
[    0.248786] PCI: Using ACPI for IRQ routing
[    0.248925] NetLabel: Initializing
[    0.249490] NetLabel:  domain hash size = 128
[    0.252007] NetLabel:  protocols = UNLABELED CIPSOv4 CALIPSO
[    0.253080] NetLabel:  unlabeled traffic allowed by default
[    0.253911] clocksource: Switched to clocksource kvm-clock
[    0.261794] VFS: Disk quotas dquot_6.6.0
[    0.262456] VFS: Dquot-cache hash table entries: 512 (order 0, 4096 bytes)
[    0.263499] AppArmor: AppArmor Filesystem Enabled
[    0.264241] pnp: PnP ACPI init
[    0.265629] pnp: PnP ACPI: found 3 devices
[    0.276936] clocksource: acpi_pm: mask: 0xffffff max_cycles: 0xffffff, max_idle_ns: 2085701024 ns
[    0.278360] NET: Registered protocol family 2
[    0.279124] TCP established hash table entries: 16384 (order: 5, 131072 bytes)
[    0.280293] TCP bind hash table entries: 16384 (order: 6, 262144 bytes)
[    0.281264] TCP: Hash tables configured (established 16384 bind 16384)
[    0.282254] UDP hash table entries: 1024 (order: 3, 32768 bytes)
[    0.283141] UDP-Lite hash table entries: 1024 (order: 3, 32768 bytes)
[    0.284408] NET: Registered protocol family 1
[    0.285219] pci 0000:00:00.0: Limiting direct PCI/PCI transfers
[    0.286137] pci 0000:00:01.0: Activating ISA DMA hang workarounds
[    0.287146] pci 0000:00:02.0: Video device with shadowed ROM at [mem 0x000c0000-0x000dffff]
[    0.288586] Unpacking initramfs...
[    0.502571] Freeing initrd memory: 19224K
[    0.503249] clocksource: tsc: mask: 0xffffffffffffffff max_cycles: 0x6d51a1f9672, max_idle_ns: 881590864124 ns
[    0.505259] platform rtc_cmos: registered platform RTC device (no PNP device found)
[    0.506498] Scanning for low memory corruption every 60 seconds
[    0.507812] Initialise system trusted keyrings
[    0.508557] Key type blacklist registered
[    0.509370] workingset: timestamp_bits=36 max_order=19 bucket_order=0
[    0.510857] zbud: loaded
[    0.511592] squashfs: version 4.0 (2009/01/31) Phillip Lougher
[    0.512573] fuse init (API version 7.26)
[    0.515969] Key type asymmetric registered
[    0.516637] Asymmetric key parser 'x509' registered
[    0.517433] Block layer SCSI generic (bsg) driver version 0.4 loaded (major 246)
[    0.518627] io scheduler noop registered
[    0.519257] io scheduler deadline registered
[    0.519944] io scheduler cfq registered (default)
[    0.521261] ACPI: AC Adapter [AC] (on-line)
[    0.522014] input: Power Button as /devices/LNXSYSTM:00/LNXPWRBN:00/input/input0
[    0.523370] ACPI: Power Button [PWRF]
[    0.523978] input: Sleep Button as /devices/LNXSYSTM:00/LNXSLPBN:00/input/input1
[    0.525120] ACPI: Sleep Button [SLPF]
[    0.526047] Serial: 8250/16550 driver, 32 ports, IRQ sharing enabled
[    0.547639] 00:02: ttyS0 at I/O 0x3f8 (irq = 4, base_baud = 115200) is a 16550A
[    0.551024] Linux agpgart interface v0.103
[    0.553083] loop: module loaded
[    0.554011] scsi host0: ata_piix
[    0.554661] scsi host1: ata_piix
[    0.555187] ata1: PATA max UDMA/33 cmd 0x1f0 ctl 0x3f6 bmdma 0xd000 irq 14
[    0.556211] ata2: PATA max UDMA/33 cmd 0x170 ctl 0x376 bmdma 0xd008 irq 15
[    0.557423] libphy: Fixed MDIO Bus: probed
[    0.558046] tun: Universal TUN/TAP device driver, 1.6
[    0.558836] PPP generic driver version 2.4.2
[    0.559555] ehci_hcd: USB 2.0 'Enhanced' Host Controller (EHCI) Driver
[    0.560550] ehci-pci: EHCI PCI platform driver
[    0.561213] ehci-platform: EHCI generic platform driver
[    0.561977] ohci_hcd: USB 1.1 'Open' Host Controller (OHCI) Driver
[    0.562872] ohci-pci: OHCI PCI platform driver
[    0.563532] ohci-platform: OHCI generic platform driver
[    0.564353] uhci_hcd: USB Universal Host Controller Interface driver
[    0.565402] i8042: PNP: PS/2 Controller [PNP0303:PS2K,PNP0f03:PS2M] at 0x60,0x64 irq 1,12
[    0.566934] serio: i8042 KBD port at 0x60,0x64 irq 1
[    0.567689] serio: i8042 AUX port at 0x60,0x64 irq 12
[    0.568732] mousedev: PS/2 mouse device common for all mice
[    0.570048] input: AT Translated Set 2 keyboard as /devices/platform/i8042/serio0/input/input2
[    0.571320] rtc_cmos rtc_cmos: rtc core: registered rtc_cmos as rtc0
[    0.572452] rtc_cmos rtc_cmos: alarms up to one day, 114 bytes nvram
[    0.573404] i2c /dev entries driver
[    0.573968] device-mapper: uevent: version 1.0.3
[    0.574725] device-mapper: ioctl: 4.37.0-ioctl (2017-09-20) initialised: dm-devel@redhat.com
[    0.576191] ledtrig-cpu: registered to indicate activity on CPUs
[    0.577436] NET: Registered protocol family 10
[    0.580560] Segment Routing with IPv6
[    0.581142] NET: Registered protocol family 17
[    0.581890] Key type dns_resolver registered
[    0.582816] mce: Using 0 MCE banks
[    0.583339] RAS: Correctable Errors collector initialized.
[    0.584139] sched_clock: Marking stable (582799526, 0)->(721300793, -138501267)
[    0.585848] registered taskstats version 1
[    0.586497] Loading compiled-in X.509 certificates
[    0.588743] Loaded X.509 cert 'Build time autogenerated kernel key: 9b9955b80c271df2d4651fb935031a2c1666e8fa'
[    0.590155] zswap: loaded using pool lzo/zbud
[    0.593441] Key type big_key registered
[    0.594040] Key type trusted registered
[    0.595655] Key type encrypted registered
[    0.596384] AppArmor: AppArmor sha1 policy hashing enabled
[    0.597195] ima: No TPM chip found, activating TPM-bypass! (rc=-19)
[    0.598124] ima: Allocated hash algorithm: sha1
[    0.598804] evm: HMAC attrs: 0x1
[    0.599545]   Magic number: 13:120:469
[    0.600264] rtc_cmos rtc_cmos: setting system clock to 2021-03-21 06:29:15 UTC (1616308155)
[    0.601626] BIOS EDD facility v0.16 2004-Jun-25, 0 devices found
[    0.602519] EDD information not available.
[    0.904889] Freeing unused kernel image memory: 2440K
[    0.916539] Write protecting the kernel read-only data: 20480k
[    0.917809] Freeing unused kernel image memory: 2008K
[    0.918804] Freeing unused kernel image memory: 1868K
[    0.925317] x86/mm: Checked W+X mappings: passed, no W+X pages found.
[    0.926389] x86/mm: Checking user space page tables
[    0.932426] x86/mm: Checked W+X mappings: passed, no W+X pages found.
Loading, please wait...
starting version 237
[    0.968392] Fusion MPT base driver 3.04.20
[    0.969095] Copyright (c) 1999-2008 LSI Corporation
[    0.973444] e1000: Intel(R) PRO/1000 Network Driver - version 7.3.21-k8-NAPI
[    0.975127] e1000: Copyright (c) 1999-2006 Intel Corporation.
[    0.976661] Fusion MPT SPI Host driver 3.04.20
[    0.979243] AVX2 version of gcm_enc/dec engaged.
[    0.979993] AES CTR mode by8 optimization enabled
[    1.187987] input: ImExPS/2 Generic Explorer Mouse as /devices/platform/i8042/serio1/input/input4
[    1.576447] e1000 0000:00:03.0 eth0: (PCI:33MHz:32-bit) 02:45:97:fd:e2:17
[    1.577824] e1000 0000:00:03.0 eth0: Intel(R) PRO/1000 Network Connection
[    2.552569] e1000 0000:00:08.0 eth1: (PCI:33MHz:32-bit) 08:00:27:64:52:48
[    2.553565] e1000 0000:00:08.0 eth1: Intel(R) PRO/1000 Network Connection
[    2.556826] e1000 0000:00:03.0 enp0s3: renamed from eth0
[    2.557688] mptbase: ioc0: Initiating bringup
[    2.576670] e1000 0000:00:08.0 enp0s8: renamed from eth1
[    3.388919] ioc0: LSI53C1030 A0: Capabilities={Initiator}
[    5.034648] scsi host2: ioc0: LSI53C1030 A0, FwRev=00000000h, Ports=1, MaxQ=256, IRQ=20
[    6.887130] scsi 2:0:0:0: Direct-Access     VBOX     HARDDISK         1.0  PQ: 0 ANSI: 5
[    7.886401] scsi target2:0:0: Beginning Domain Validation
[    7.888561] scsi target2:0:0: Domain Validation skipping write tests
[    7.890084] scsi target2:0:0: Ending Domain Validation
[    7.890911] scsi target2:0:0: asynchronous
[    7.891971] scsi 2:0:1:0: Direct-Access     VBOX     HARDDISK         1.0  PQ: 0 ANSI: 5
[    8.174492] scsi target2:0:1: Beginning Domain Validation
[    8.176871] random: fast init done
[    8.177648] scsi target2:0:1: Domain Validation skipping write tests
[    8.179008] scsi target2:0:1: Ending Domain Validation
[    8.179872] scsi target2:0:1: asynchronous
[    8.183240] random: systemd-udevd: uninitialized urandom read (16 bytes read)
[    8.183272] sd 2:0:0:0: Attached scsi generic sg0 type 0
[    8.183641] sd 2:0:0:0: [sda] 83886080 512-byte logical blocks: (42.9 GB/40.0 GiB)
[    8.183710] sd 2:0:0:0: [sda] Write Protect is off
[    8.183873] sd 2:0:0:0: [sda] Incomplete mode parameter data
[    8.183874] sd 2:0:0:0: [sda] Assuming drive cache: write through
[    8.184912] random: systemd-udevd: uninitialized urandom read (16 bytes read)
[    8.185812] sd 2:0:1:0: Attached scsi generic sg1 type 0
[    8.186147]  sda: sda1
[    8.186886] random: systemd-udevd: uninitialized urandom read (16 bytes read)
[    8.187934] sd 2:0:0:0: [sda] Attached SCSI disk
[    8.191208] sd 2:0:1:0: [sdb] 20480 512-byte logical blocks: (10.5 MB/10.0 MiB)
[    8.194837] sd 2:0:1:0: [sdb] Write Protect is off
[    8.195655] sd 2:0:1:0: [sdb] Incomplete mode parameter data
[    8.196515] sd 2:0:1:0: [sdb] Assuming drive cache: write through
[    8.198716] sd 2:0:1:0: [sdb] Attached SCSI disk
Begin: Loading essential drivers ... [    9.788543] raid6: sse2x1   gen() 15845 MB/s
[    9.836247] raid6: sse2x1   xor()  8286 MB/s
[    9.884068] raid6: sse2x2   gen() 19943 MB/s
[    9.932160] raid6: sse2x2   xor() 12733 MB/s
[    9.980569] raid6: sse2x4   gen() 21160 MB/s
[   10.028154] raid6: sse2x4   xor() 11847 MB/s
[   10.076332] raid6: avx2x1   gen() 32496 MB/s
[   10.124192] raid6: avx2x1   xor() 18655 MB/s
[   10.172149] raid6: avx2x2   gen() 37691 MB/s
[   10.220553] raid6: avx2x2   xor() 25045 MB/s
[   10.268168] raid6: avx2x4   gen() 41639 MB/s
[   10.316323] raid6: avx2x4   xor() 24863 MB/s
[   10.316976] raid6: using algorithm avx2x4 gen() 41639 MB/s
[   10.317769] raid6: .... xor() 24863 MB/s, rmw enabled
[   10.318498] raid6: using avx2x2 recovery algorithm
[   10.320325] xor: automatically using best checksumming function   avx       
[   10.322243] async_tx: api initialized (async)
done.
Begin: Running /scripts/init-premount ... done.
Begin: Mounting root file system ... Begin: Running /scripts/local-top ... done.
Begin: Running /scripts/local-premount ... [   10.350780] Btrfs loaded, crc32c=crc32c-intel
Scanning for Btrfs filesystems
done.
Warning: fsck not present, so skipping root file system
[   10.363728] EXT4-fs (sda1): mounted filesystem with ordered data mode. Opts: (null)
done.
Begin: Running /scripts/local-bottom ... done.
Begin: Running /scripts/init-bottom ... done.
[   10.551086] ip_tables: (C) 2000-2006 Netfilter Core Team
[   10.554936] systemd[1]: systemd 237 running in system mode. (+PAM +AUDIT +SELINUX +IMA +APPARMOR +SMACK +SYSVINIT +UTMP +LIBCRYPTSETUP +GCRYPT +GNUTLS +ACL +XZ +LZ4 +SECCOMP +BLKID +ELFUTILS +KMOD -IDN2 +IDN -PCRE2 default-hierarchy=hybrid)
[   10.558069] systemd[1]: Detected virtualization oracle.
[   10.558841] systemd[1]: Detected architecture x86-64.

Welcome to [1mUbuntu 18.04.5 LTS[0m!

[   10.565053] systemd[1]: Set hostname to <ubuntu>.
[   10.566956] systemd[1]: Initializing machine ID from random generator.
[   10.567899] systemd[1]: Installed transient /etc/machine-id file.
[   11.641899] systemd[1]: Created slice System Slice.
[[0;32m  OK  [0m] Created slice System Slice.
[   11.643282] systemd[1]: Listening on LVM2 metadata daemon socket.
[[0;32m  OK  [0m] Listening on LVM2 metadata daemon socket.
[   11.644942] systemd[1]: Listening on /dev/initctl Compatibility Named Pipe.
[[0;32m  OK  [0m] Listening on /dev/initctl Compatibility Named Pipe.
[   11.646754] systemd[1]: Listening on udev Kernel Socket.
[[0;32m  OK  [0m] Listening on udev Kernel Socket.
[[0;32m  OK  [0m] Created slice User and Session Slice.
[[0;32m  OK  [0m] Reached target Slices.
[[0;32m  OK  [0m] Listening on Syslog Socket.
[[0;32m  OK  [0m] Reached target User and Group Name Lookups.
[[0;32m  OK  [0m] Set up automount Arbitrary Executab…rmats File System Automount Point.
[[0;32m  OK  [0m] Reached target System Time Synchronized.
[[0;32m  OK  [0m] Listening on Journal Socket (/dev/log).
[[0;32m  OK  [0m] Listening on Network Service Netlink Socket.
[[0;32m  OK  [0m] Started Forward Password Requests to Wall Directory Watch.
[[0;32m  OK  [0m] Listening on LVM2 poll daemon socket.
[[0;32m  OK  [0m] Listening on udev Control Socket.
[[0;32m  OK  [0m] Listening on fsck to fsckd communication Socket.
[[0;32m  OK  [0m] Listening on Journal Audit Socket.
[[0;32m  OK  [0m] Listening on Journal Socket.
         Starting udev Coldplug all Devices...
         Mounting POSIX Message Queue File System...
         Starting Create list of required st…ce nodes for the current kernel...
         Mounting Kernel Debug File System...
         Starting Load Kernel Modules...
         Starting Journal Service...
         Mounting Huge Pages File System...
         Starting Set the console keyboard layout...
[   12.166041] Loading iSCSI transport class v2.0-870.
         Starting Uncomplicated firewall...
[[0;32m  OK  [0m] Listening on Device-mapper event daemon FIFOs.
         Starting Monitoring of LVM2 mirrors…ng dmeventd or progress polling...
         Starting File System Check on Root Device...
[   12.171533] iscsi: registered transport (tcp)
[[0;32m  OK  [0m] Created slice system-serial\x2dgetty.slice.
[[0;32m  OK  [0m] Reached target Swap.
[[0;32m  OK  [0m] Mounted POSIX Message Queue File System.
[[0;32m  OK  [0m] Started Create list of required sta…vice nodes for the current kernel.
[[0;32m  OK  [0m] Mounted Kernel Debug File System.
[[0;32m  OK  [0m] Mounted Huge Pages File System.
         Starting Create Static Device Nodes in /dev...
[   12.182025] iscsi: registered transport (iser)
[[0;32m  OK  [0m] Started Load Kernel Modules.
         Mounting FUSE Control File System...
         Mounting Kernel Configuration File System...
         Starting Apply Kernel Variables...
[[0;32m  OK  [0m] Mounted FUSE Control File System.
[[0;32m  OK  [0m] Mounted Kernel Configuration File System.
[[0;32m  OK  [0m] Started udev Coldplug all Devices.
[[0;32m  OK  [0m] Started Uncomplicated firewall.
[[0;32m  OK  [0m] Started Journal Service.
[[0;32m  OK  [0m] Started LVM2 metadata daemon.
[[0;32m  OK  [0m] Started File System Check Daemon to report status.
[[0;32m  OK  [0m] Started Create Static Device Nodes in /dev.
[[0;32m  OK  [0m] Started Apply Kernel Variables.
[[0;32m  OK  [0m] Started Monitoring of LVM2 mirrors,…sing dmeventd or progress polling.
[[0;32m  OK  [0m] Started File System Check on Root Device.
         Starting Remount Root and Kernel File Systems...
[[0;32m  OK  [0m] Started Remount Root and Kernel File Systems.
         Starting Load/Save Random Seed...
         Starting udev Kernel Device Manager...
         Starting Flush Journal to Persistent Storage...
[[0;32m  OK  [0m] Started Set the console keyboard layout.
[[0;32m  OK  [0m] Reached target Local File Systems (Pre).
[[0;32m  OK  [0m] Reached target Local File Systems.
         Starting Commit a transient machine-id on disk...
         Starting Tell Plymouth To Write Out Runtime Data...
         Starting Set console font and keymap...
         Starting AppArmor initialization...
         Starting ebtables ruleset management...
[[0;32m  OK  [0m] Started Load/Save Random Seed.
[[0;32m  OK  [0m] Started udev Kernel Device Manager.
[[0;32m  OK  [0m] Started Dispatch Password Requests to Console Directory Watch.
[[0;32m  OK  [0m] Reached target Local Encrypted Volumes.
[[0;32m  OK  [0m] Started Set console font and keymap.
[[0;32m  OK  [0m] Started Tell Plymouth To Write Out Runtime Data.
[[0;32m  OK  [0m] Started Flush Journal to Persistent Storage.
         Starting Create Volatile Files and Directories...
[[0;32m  OK  [0m] Started Commit a transient machine-id on disk.
[[0;32m  OK  [0m] Started Create Volatile Files and Directories.
[[0;32m  OK  [0m] Found device /dev/ttyS0.
         Starting Update UTMP about System Boot/Shutdown...
[[0;32m  OK  [0m] Started Update UTMP about System Boot/Shutdown.
[[0;32m  OK  [0m] Started ebtables ruleset management.
[[0;32m  OK  [0m] Listening on Load/Save RF Kill Switch Status /dev/rfkill Watch.
[[0;32m  OK  [0m] Started AppArmor initialization.
         Starting Load AppArmor profiles managed internally by snapd...
         Starting Initial cloud-init job (pre-networking)...
[[0;32m  OK  [0m] Started Load AppArmor profiles managed internally by snapd.
[   13.574329] cloud-init[608]: Cloud-init v. 20.4.1-0ubuntu1~18.04.1 running 'init-local' at Sun, 21 Mar 2021 06:29:28 +0000. Up 13.38 seconds.
[[0;32m  OK  [0m] Started Initial cloud-init job (pre-networking).
[[0;32m  OK  [0m] Reached target Network (Pre).
         Starting Network Service...
[[0;32m  OK  [0m] Started Network Service.
         Starting Network Name Resolution...
         Starting Wait for Network to be Configured...
[[0;32m  OK  [0m] Started Network Name Resolution.
[[0;32m  OK  [0m] Reached target Network.
[[0;32m  OK  [0m] Reached target Host and Network Name Lookups.
[[0;32m  OK  [0m] Started Wait for Network to be Configured.
         Starting Initial cloud-init job (metadata service crawler)...
[   15.841556] cloud-init[745]: Cloud-init v. 20.4.1-0ubuntu1~18.04.1 running 'init' at Sun, 21 Mar 2021 06:29:30 +0000. Up 15.76 seconds.
[   15.852688] cloud-init[745]: ci-info: ++++++++++++++++++++++++++++++++++++++Net device info+++++++++++++++++++++++++++++++++++++++
[   15.854085] cloud-init[745]: ci-info: +--------+-------+----------------------------+---------------+--------+-------------------+
[   15.855529] cloud-init[745]: ci-info: | Device |   Up  |          Address           |      Mask     | Scope  |     Hw-Address    |
[   15.857075] cloud-init[745]: ci-info: +--------+-------+----------------------------+---------------+--------+-------------------+
[   15.868125] cloud-init[745]: ci-info: | enp0s3 |  True |         10.0.2.15          | 255.255.255.0 | global | 02:45:97:fd:e2:17 |
[   15.880402] cloud-init[745]: ci-info: | enp0s3 |  True | fe80::45:97ff:fefd:e217/64 |       .       |  link  | 02:45:97:fd:e2:17 |
[   15.881524] cloud-init[745]: ci-info: | enp0s8 | False |             .              |       .       |   .    | 08:00:27:64:52:48 |
[   15.882988] cloud-init[745]: ci-info: |   lo   |  True |         127.0.0.1          |   255.0.0.0   |  host  |         .         |
[   15.884520] cloud-init[745]: ci-info: |   lo   |  True |          ::1/128           |       .       |  host  |         .         |
[   15.885922] cloud-init[745]: ci-info: +--------+-------+----------------------------+---------------+--------+-------------------+
[   15.887709] cloud-init[745]: ci-info: ++++++++++++++++++++++++++++Route IPv4 info+++++++++++++++++++++++++++++
[   15.889491] cloud-init[745]: ci-info: +-------+-------------+----------+-----------------+-----------+-------+
[   15.890915] cloud-init[745]: ci-info: | Route | Destination | Gateway  |     Genmask     | Interface | Flags |
[   15.892216] cloud-init[745]: ci-info: +-------+-------------+----------+-----------------+-----------+-------+
[   15.893496] cloud-init[745]: ci-info: |   0   |   0.0.0.0   | 10.0.2.2 |     0.0.0.0     |   enp0s3  |   UG  |
[   15.894801] cloud-init[745]: ci-info: |   1   |   10.0.2.0  | 0.0.0.0  |  255.255.255.0  |   enp0s3  |   U   |
[   15.896029] cloud-init[745]: ci-info: |   2   |   10.0.2.2  | 0.0.0.0  | 255.255.255.255 |   enp0s3  |   UH  |
[   15.897310] cloud-init[745]: ci-info: +-------+-------------+----------+-----------------+-----------+-------+
[   15.898465] cloud-init[745]: ci-info: +++++++++++++++++++Route IPv6 info+++++++++++++++++++
[   15.899519] cloud-init[745]: ci-info: +-------+-------------+---------+-----------+-------+
[   15.900784] cloud-init[745]: ci-info: | Route | Destination | Gateway | Interface | Flags |
[   15.902403] cloud-init[745]: ci-info: +-------+-------------+---------+-----------+-------+
[   15.904189] cloud-init[745]: ci-info: |   1   |  fe80::/64  |    ::   |   enp0s3  |   U   |
[   15.905686] cloud-init[745]: ci-info: |   3   |    local    |    ::   |   enp0s3  |   U   |
[   15.907028] cloud-init[745]: ci-info: |   4   |   ff00::/8  |    ::   |   enp0s3  |   U   |
[   15.908284] cloud-init[745]: ci-info: +-------+-------------+---------+-----------+-------+
[   16.348626] cloud-init[745]: Generating public/private rsa key pair.
[   16.349490] cloud-init[745]: Your identification has been saved in /etc/ssh/ssh_host_rsa_key.
[   16.350637] cloud-init[745]: Your public key has been saved in /etc/ssh/ssh_host_rsa_key.pub.
[   16.351724] cloud-init[745]: The key fingerprint is:
[   16.352478] cloud-init[745]: SHA256:sLR4rycqsx9QT89abb21Memm140jjbp2Nni71KtH8sA root@ubuntu-bionic
[   16.353575] cloud-init[745]: The key's randomart image is:
[   16.354392] cloud-init[745]: +---[RSA 2048]----+
[   16.355087] cloud-init[745]: |                 |
[   16.355729] cloud-init[745]: |                 |
[   16.356422] cloud-init[745]: |    . +          |
[   16.357050] cloud-init[745]: |   . = * . .   . |
[   16.357697] cloud-init[745]: |  . . = S o.. =  |
[   16.358347] cloud-init[745]: |   . . + .  E=.+ |
[   16.359007] cloud-init[745]: |    . . .  .oB=o.|
[   16.359652] cloud-init[745]: |  o  .... o.BoB.o|
[   16.360353] cloud-init[745]: |  .=o..o .o*=O.. |
[   16.360994] cloud-init[745]: +----[SHA256]-----+
[   16.361712] cloud-init[745]: Generating public/private dsa key pair.
[   16.362543] cloud-init[745]: Your identification has been saved in /etc/ssh/ssh_host_dsa_key.
[   16.363626] cloud-init[745]: Your public key has been saved in /etc/ssh/ssh_host_dsa_key.pub.
[   16.364754] cloud-init[745]: The key fingerprint is:
[   16.365436] cloud-init[745]: SHA256:UmHZ5kXjWIiQZx9H39hdgNT7gggtJXHGNns9tZ/Yz1o root@ubuntu-bionic
[   16.366637] cloud-init[745]: The key's randomart image is:
[   16.367462] cloud-init[745]: +---[DSA 1024]----+
[   16.368144] cloud-init[745]: |      .o+*o=*o...|
[   16.368788] cloud-init[745]: |      ..*+X++o.++|
[   16.369404] cloud-init[745]: |       o.O.*..oo=|
[   16.370071] cloud-init[745]: |       .o = . +. |
[   16.370696] cloud-init[745]: |      . So o .ooo|
[   16.371337] cloud-init[745]: |       .  . ...oo|
[   16.371986] cloud-init[745]: |               oE|
[   16.372645] cloud-init[745]: |               .o|
[   16.373298] cloud-init[745]: |              .. |
[   16.373956] cloud-init[745]: +----[SHA256]-----+
[   16.374599] cloud-init[745]: Generating public/private ecdsa key pair.
[   16.375442] cloud-init[745]: Your identification has been saved in /etc/ssh/ssh_host_ecdsa_key.
[   16.376568] cloud-init[745]: Your public key has been saved in /etc/ssh/ssh_host_ecdsa_key.pub.
[   16.377674] cloud-init[745]: The key fingerprint is:[
[0;32m  OK  [0m[   16.378403] ] cloud-initStarted Initial cloud-init job (metadata service crawler).[745]: 
SHA256:V2M0fvGHQll5AufiZOk3U2wmD9yPTtU7LF3vITwzlcs root@ubuntu-bionic
[[0;32m  OK  [0m] [   16.379518] Reached target Cloud-config availability.cloud-init
[745]: The key's randomart image is:
[[0;32m  OK  [0m[   16.380701] ] cloud-initReached target Network is Online.[745]: 
+---[ECDSA 256]---+
         [   16.382661] Starting Availability of block devices...cloud-init
[745]: |            =++. |[
[0;32m  OK  [0m[   16.383817] ] cloud-initReached target Remote File Systems (Pre).[745]: 
|           +.*o*+|[
[0;32m  OK  [0m[   16.385152] ] cloud-initReached target Remote File Systems.[745]: 
|            @ B=%|[
[0;32m  OK  [0m[   16.386374] ] cloud-initReached target System Initialization.[745]: 
|           B.==XB|[
[0;32m  OK  [0m[   16.387587] ] cloud-initStarted Discard unused blocks once a week.[745]: 
|        S . oB*E+|
[[   16.388756] [0;32m  OK  [0mcloud-init] [745]: Started Daily Cleanup of Temporary Directories.|         .   +*+o|

[[0;32m  OK  [0m[   16.390193] ] cloud-initListening on Open-iSCSI iscsid Socket.[745]: 
|              . .|[
[0;32m  OK  [0m[   16.391473] ] cloud-initStarted Daily apt download activities.[745]: 
|                 |[
[0;32m  OK  [0m] [   16.392738] Started Daily apt upgrade and clean activities.cloud-init
[745]: [[0;32m  OK  [0m|                 |] 
Listening on UUID daemon activation socket.[   16.394474] 
cloud-init[[0;32m  OK  [0m[745]: ] +----[SHA256]-----+Listening on ACPID Listen Socket.

[   16.396179] [[0;32m  OK  [0m] cloud-initListening on D-Bus System Message Bus Socket.[745]: 
Generating public/private ed25519 key pair.
         [   16.397752] Starting Socket activation for snappy daemon.cloud-init
[745]: Your identification has been saved in /etc/ssh/ssh_host_ed25519_key.[
[0;32m  OK  [0m] Started Message of the Day.
[   16.399183] cloud-init[745]: Your public key has been saved in /etc/ssh/ssh_host_ed25519_key.pub.[
[0;32m  OK  [0m] [   16.399963] Reached target Timers.cloud-init
[745]: The key fingerprint is:
[   16.402140]          cloud-initStarting LXD - unix socket.[745]: 
SHA256:WfwGfuIQBCjYwLVEvGqswKnWX/jxiMF+T/UHoG4C4mI root@ubuntu-bionic
[[0;32m  OK  [0m] Started ACPI Events Check.
[   16.403633] cloud-init[[745]: The key's randomart image is:
[0;32m  OK  [0m] Reached target Paths.
[   16.404526] cloud-init[745]: +--[ED25519 256]--+
[[   16.405893] [0;32m  OK  [0mcloud-init] [745]: Started Availability of block devices.|o+++ ....        |

[[   16.407200] [0;32m  OK  [0mcloud-init] [745]: Listening on Socket activation for snappy daemon.|..+.o  . .       |

[[0;32m  OK  [0m] [   16.408627] Listening on LXD - unix socket.cloud-init
[745]: [|   o.   . +.     |[0;32m  OK  [0m
] Reached target Sockets.[   16.410016] 
cloud-init[745]: |   .     =.o.    |
[[0;32m  OK  [0m] [   16.410473] Reached target Basic System.cloud-init
[745]: |o o. .  S.o.+.   |
[   16.411983] [[0;32m  OK  [0m] Started D-Bus System Message Bus.cloud-init[745]: 
|.*. o o .o.+. .  |
[   16.413552] cloud-init[745]: |=E.. + + +.  . . |
[   16.414260] cloud-init[745]: |+.... =.B     .  |
[   16.415189] cloud-init[745]: |.   .+.o.o       |
[   16.415945] cloud-init[745]: +----[SHA256]-----+
         Starting LXD - container startup/shutdown...
         Starting System Logging Service...
         Starting Virtualbox guest utils...
         Starting LSB: Record successful boot for GRUB...
[[0;32m  OK  [0m] Started irqbalance daemon.
         Starting Dispatcher daemon for systemd-networkd...
[[0;32m  OK  [0m] Started FUSE filesystem for LXC.
[[0;32m  OK  [0m] Started Regular background program processing daemon.
         Starting Pollinate to seed the pseudo random number generator...
         Starting Snap Daemon...
         Starting Accounts Service...
         Starting Login Service...
         Starting LSB: automatic crash report generation...
         Starting Permit User Sessions...
[[0;32m  OK  [0m] Started Deferred execution scheduler.
[[0;32m  OK  [0m] Started System Logging Service.
[[0;32m  OK  [0m] Started LXD - container startup/shutdown.
[[0;32m  OK  [0m] Started Permit User Sessions.
         Starting Terminate Plymouth Boot Screen...
         Starting Hold until boot process finishes up...
[[0;32m  OK  [0m] Started Hold until boot process finishes up.
         Starting Set console scheme...
[[0;32m  OK  [0m] Started Serial Getty on ttyS0.
[[0;32m  OK  [0m] Started Terminate Plymouth Boot Screen.
[[0;32m  OK  [0m] Started Login Service.
[[0;32m  OK  [0m] Started Unattended Upgrades Shutdown.
[[0;32m  OK  [0m] Started LSB: automatic crash report generation.
[[0;32m  OK  [0m] Started LSB: Record successful boot for GRUB.
[[0;32m  OK  [0m] Started Set console scheme.
[[0;32m  OK  [0m] Created slice system-getty.slice.
[[0;32m  OK  [0m] Started Getty on tty1.
[[0;32m  OK  [0m] Reached target Login Prompts.
[[0;32m  OK  [0m] Started Virtualbox guest utils.
         Starting Authorization Manager...
[[0;32m  OK  [0m] Started Authorization Manager.
[[0;32m  OK  [0m] Started Accounts Service.
[[0;32m  OK  [0m] Started Dispatcher daemon for systemd-networkd.
[[0;32m  OK  [0m] Started Snap Daemon.
         Starting Wait until snapd is fully seeded...
[[0;32m  OK  [0m] Started Pollinate to seed the pseudo random number generator.
         Starting OpenBSD Secure Shell server...
[[0;32m  OK  [0m] Started OpenBSD Secure Shell server.
[[0;32m  OK  [0m] Created slice User Slice of vagrant.
         Starting User Manager for UID 1000...
[[0;32m  OK  [0m] Started Session 1 of user vagrant.
[[0;32m  OK  [0m] Started User Manager for UID 1000.
[[0;32m  OK  [0m] Started Wait until snapd is fully seeded.
         Starting Apply the settings specified in cloud-config...
[[0;32m  OK  [0m] Reached target Multi-User System.
[[0;32m  OK  [0m] Reached target Graphical Interface.
         Starting Update UTMP about System Runlevel Changes...
[[0;32m  OK  [0m] Started Update UTMP about System Runlevel Changes.
[   20.711962] cloud-init[1468]: Cloud-init v. 20.4.1-0ubuntu1~18.04.1 running 'modules:config' at Sun, 21 Mar 2021 06:29:35 +0000. Up 20.49 seconds.
         Stopping User Manager for UID 1000...
[[0;32m  OK  [0m] Stopped User Manager for UID 1000.
[[0;32m  OK  [0m] Removed slice User Slice of vagrant.
[[0;32m  OK  [0m] Started Apply the settings specified in cloud-config.
         Starting Execute cloud user/final scripts...
[[0;32m  OK  [0m] Created slice User Slice of vagrant.
         Starting User Manager for UID 1000...
[[0;32m  OK  [0m] Started Session 3 of user vagrant.
[[0;32m  OK  [0m] Started User Manager for UID 1000.
ci-info: no authorized SSH keys fingerprints found for user ubuntu.
<14>Mar 21 06:29:35 ec2: 
<14>Mar 21 06:29:35 ec2: #############################################################
<14>Mar 21 06:29:35 ec2: -----BEGIN SSH HOST KEY FINGERPRINTS-----
<14>Mar 21 06:29:35 ec2: 1024 SHA256:UmHZ5kXjWIiQZx9H39hdgNT7gggtJXHGNns9tZ/Yz1o root@ubuntu-bionic (DSA)
<14>Mar 21 06:29:35 ec2: 256 SHA256:V2M0fvGHQll5AufiZOk3U2wmD9yPTtU7LF3vITwzlcs root@ubuntu-bionic (ECDSA)
<14>Mar 21 06:29:35 ec2: 256 SHA256:WfwGfuIQBCjYwLVEvGqswKnWX/jxiMF+T/UHoG4C4mI root@ubuntu-bionic (ED25519)
<14>Mar 21 06:29:35 ec2: 2048 SHA256:sLR4rycqsx9QT89abb21Memm140jjbp2Nni71KtH8sA root@ubuntu-bionic (RSA)
<14>Mar 21 06:29:35 ec2: -----END SSH HOST KEY FINGERPRINTS-----
<14>Mar 21 06:29:35 ec2: #############################################################
-----BEGIN SSH HOST KEY KEYS-----
ecdsa-sha2-nistp256 AAAAE2VjZHNhLXNoYTItbmlzdHAyNTYAAAAIbmlzdHAyNTYAAABBBEl+AnXFrkCDUgl59NWj8SmRguRJJ+hE1FSwdD9ltBmlBCRle+GR4WQ6Fxba1zQfWJKAhBXMUsqn58WlK9UXz6E= root@ubuntu-bionic
ssh-ed25519 AAAAC3NzaC1lZDI1NTE5AAAAIEfnzNavClExr+HBwM3t97wg00pfvLxPcbTYLthHuUO3 root@ubuntu-bionic
ssh-rsa AAAAB3NzaC1yc2EAAAADAQABAAABAQDHxGLJzvPvziWOJXyyE2+3lD81H25WrRJUffRqvxohnugNbtCx02v3knjSwHVVuLyJTAPmH9xOOCN3spNjCcCWN5jmwWEHJUEN4cB3hQmkLxIRw2QZo3GqrumxZ1YFctwCo3+oWUme0PFAKqnE4IixaMeqvxmjbg2arD+lq9XXB7F6Cq6UHholAH7rCoV8jy3XiZ6fAg2EV9jrZtfM9HH72KVIfWVttAzw/PMyLAvEUjXFWXBUQdK3JOl7ojPKFt14lOGqP+crvhpBl8iffjuh0kIW5pwO/odFyor4anz7Nb5WVr673YxV96RCyH0uDQJPAMIq7PACe0iHN6kQDLxf root@ubuntu-bionic
-----END SSH HOST KEY KEYS-----
[   21.053504] cloud-init[1702]: Cloud-init v. 20.4.1-0ubuntu1~18.04.1 running 'modules:final' at Sun, 21 Mar 2021 06:29:35 +0000. Up 20.95 seconds.
[   21.055010] cloud-init[1702]: ci-info: no authorized SSH keys fingerprints found for user ubuntu.
[   21.055920] cloud-init[1702]: Cloud-init v. 20.4.1-0ubuntu1~18.04.1 finished at Sun, 21 Mar 2021 06:29:35 +0000. Datasource DataSourceNoCloud [seed=/dev/sdb][dsmode=net].  Up 21.04 seconds
[[0;32m  OK  [0m] Started Execute cloud user/final scripts.
[[0;32m  OK  [0m] Reached target Cloud-init target.

Ubuntu 18.04.5 LTS ubuntu-bionic ttyS0

ubuntu-bionic login: 