[    0.000000] Initializing cgroup subsys cpuset
[    0.000000] Initializing cgroup subsys cpu
[    0.000000] Initializing cgroup subsys cpuacct
[    0.000000] Linux version 4.4.0-197-generic (buildd@lcy01-amd64-026) (gcc version 5.4.0 20160609 (Ubuntu 5.4.0-6ubuntu1~16.04.12) ) #229-Ubuntu SMP Wed Nov 25 11:05:42 UTC 2020 (Ubuntu 4.4.0-197.229-generic 4.4.241)
[    0.000000] Command line: BOOT_IMAGE=/boot/vmlinuz-4.4.0-197-generic root=LABEL=cloudimg-rootfs ro console=tty1 console=ttyS0
[    0.000000] KERNEL supported cpus:
[    0.000000]   Intel GenuineIntel
[    0.000000]   AMD AuthenticAMD
[    0.000000]   Centaur CentaurHauls
[    0.000000] x86/fpu: xstate_offset[2]:  576, xstate_sizes[2]:  256
[    0.000000] x86/fpu: Supporting XSAVE feature 0x01: 'x87 floating point registers'
[    0.000000] x86/fpu: Supporting XSAVE feature 0x02: 'SSE registers'
[    0.000000] x86/fpu: Supporting XSAVE feature 0x04: 'AVX registers'
[    0.000000] x86/fpu: Enabled xstate features 0x7, context size is 832 bytes, using 'standard' format.
[    0.000000] e820: BIOS-provided physical RAM map:
[    0.000000] BIOS-e820: [mem 0x0000000000000000-0x000000000009fbff] usable
[    0.000000] BIOS-e820: [mem 0x000000000009fc00-0x000000000009ffff] reserved
[    0.000000] BIOS-e820: [mem 0x00000000000f0000-0x00000000000fffff] reserved
[    0.000000] BIOS-e820: [mem 0x0000000000100000-0x000000007ffeffff] usable
[    0.000000] BIOS-e820: [mem 0x000000007fff0000-0x000000007fffffff] ACPI data
[    0.000000] BIOS-e820: [mem 0x00000000fec00000-0x00000000fec00fff] reserved
[    0.000000] BIOS-e820: [mem 0x00000000fee00000-0x00000000fee00fff] reserved
[    0.000000] BIOS-e820: [mem 0x00000000fffc0000-0x00000000ffffffff] reserved
[    0.000000] NX (Execute Disable) protection: active
[    0.000000] SMBIOS 2.5 present.
[    0.000000] Hypervisor detected: KVM
[    0.000000] e820: last_pfn = 0x7fff0 max_arch_pfn = 0x400000000
[    0.000000] MTRR: Disabled
[    0.000000] x86/PAT: MTRRs disabled, skipping PAT initialization too.
[    0.000000] CPU MTRRs all blank - virtualized system.
[    0.000000] x86/PAT: Configuration [0-7]: WB  WT  UC- UC  WB  WT  UC- UC  
[    0.000000] found SMP MP-table at [mem 0x0009fff0-0x0009ffff] mapped at [ffff88000009fff0]
[    0.000000] Scanning 1 areas for low memory corruption
[    0.000000] RAMDISK: [mem 0x362de000-0x37166fff]
[    0.000000] ACPI: Early table checksum verification disabled
[    0.000000] ACPI: RSDP 0x00000000000E0000 000024 (v02 VBOX  )
[    0.000000] ACPI: XSDT 0x000000007FFF0030 00003C (v01 VBOX   VBOXXSDT 00000001 ASL  00000061)
[    0.000000] ACPI: FACP 0x000000007FFF00F0 0000F4 (v04 VBOX   VBOXFACP 00000001 ASL  00000061)
[    0.000000] ACPI: DSDT 0x000000007FFF0480 002325 (v02 VBOX   VBOXBIOS 00000002 INTL 20120111)
[    0.000000] ACPI: FACS 0x000000007FFF0200 000040
[    0.000000] ACPI: FACS 0x000000007FFF0200 000040
[    0.000000] ACPI: APIC 0x000000007FFF0240 00006C (v02 VBOX   VBOXAPIC 00000001 ASL  00000061)
[    0.000000] ACPI: SSDT 0x000000007FFF02B0 0001CC (v01 VBOX   VBOXCPUT 00000002 INTL 20120111)
[    0.000000] No NUMA configuration found
[    0.000000] Faking a node at [mem 0x0000000000000000-0x000000007ffeffff]
[    0.000000] NODE_DATA(0) allocated [mem 0x7ffeb000-0x7ffeffff]
[    0.000000] kvm-clock: Using msrs 4b564d01 and 4b564d00
[    0.000000] kvm-clock: cpu 0, msr 0:7ffe3001, primary cpu clock
[    0.000000] kvm-clock: using sched offset of 3131967670 cycles
[    0.000000] clocksource: kvm-clock: mask: 0xffffffffffffffff max_cycles: 0x1cd42e4dffb, max_idle_ns: 881590591483 ns
[    0.000000] Zone ranges:
[    0.000000]   DMA      [mem 0x0000000000001000-0x0000000000ffffff]
[    0.000000]   DMA32    [mem 0x0000000001000000-0x000000007ffeffff]
[    0.000000]   Normal   empty
[    0.000000]   Device   empty
[    0.000000] Movable zone start for each node
[    0.000000] Early memory node ranges
[    0.000000]   node   0: [mem 0x0000000000001000-0x000000000009efff]
[    0.000000]   node   0: [mem 0x0000000000100000-0x000000007ffeffff]
[    0.000000] Initmem setup node 0 [mem 0x0000000000001000-0x000000007ffeffff]
[    0.000000] ACPI: PM-Timer IO Port: 0x4008
[    0.000000] IOAPIC[0]: apic_id 4, version 32, address 0xfec00000, GSI 0-23
[    0.000000] ACPI: INT_SRC_OVR (bus 0 bus_irq 0 global_irq 2 dfl dfl)
[    0.000000] ACPI: INT_SRC_OVR (bus 0 bus_irq 9 global_irq 9 low level)
[    0.000000] Using ACPI (MADT) for SMP configuration information
[    0.000000] smpboot: Allowing 4 CPUs, 0 hotplug CPUs
[    0.000000] PM: Registered nosave memory: [mem 0x00000000-0x00000fff]
[    0.000000] PM: Registered nosave memory: [mem 0x0009f000-0x0009ffff]
[    0.000000] PM: Registered nosave memory: [mem 0x000a0000-0x000effff]
[    0.000000] PM: Registered nosave memory: [mem 0x000f0000-0x000fffff]
[    0.000000] e820: [mem 0x80000000-0xfebfffff] available for PCI devices
[    0.000000] Booting paravirtualized kernel on KVM
[    0.000000] clocksource: refined-jiffies: mask: 0xffffffff max_cycles: 0xffffffff, max_idle_ns: 7645519600211568 ns
[    0.000000] setup_percpu: NR_CPUS:512 nr_cpumask_bits:512 nr_cpu_ids:4 nr_node_ids:1
[    0.000000] PERCPU: Embedded 33 pages/cpu @ffff88007fc00000 s95512 r8192 d31464 u524288
[    0.000000] Built 1 zonelists in Node order, mobility grouping on.  Total pages: 515960
[    0.000000] Policy zone: DMA32
[    0.000000] Kernel command line: BOOT_IMAGE=/boot/vmlinuz-4.4.0-197-generic root=LABEL=cloudimg-rootfs ro console=tty1 console=ttyS0
[    0.000000] PID hash table entries: 4096 (order: 3, 32768 bytes)
[    0.000000] Memory: 2029580K/2096696K available (8637K kernel code, 1347K rwdata, 4032K rodata, 1492K init, 1296K bss, 67116K reserved, 0K cma-reserved)
[    0.000000] SLUB: HWalign=64, Order=0-3, MinObjects=0, CPUs=4, Nodes=1
[    0.000000] Kernel/User page tables isolation: enabled
[    0.000000] Hierarchical RCU implementation.
[    0.000000] 	Build-time adjustment of leaf fanout to 64.
[    0.000000] 	RCU restricting CPUs from NR_CPUS=512 to nr_cpu_ids=4.
[    0.000000] RCU: Adjusting geometry for rcu_fanout_leaf=64, nr_cpu_ids=4
[    0.000000] NR_IRQS:33024 nr_irqs:456 16
[    0.000000] Console: colour VGA+ 80x25
[    0.000000] console [tty1] enabled
[    0.000000] console [ttyS0] enabled
[    0.000000] tsc: Detected 3791.998 MHz processor
[    0.119804] Calibrating delay loop (skipped) preset value.. 7583.99 BogoMIPS (lpj=15167992)
[    0.121233] pid_max: default: 32768 minimum: 301
[    0.122009] ACPI: Core revision 20150930
[    0.123263] ACPI: 2 ACPI AML tables successfully acquired and loaded
[    0.124375] Security Framework initialized
[    0.125072] Yama: becoming mindful.
[    0.125771] AppArmor: AppArmor initialized
[    0.127215] Dentry cache hash table entries: 262144 (order: 9, 2097152 bytes)
[    0.128610] Inode-cache hash table entries: 131072 (order: 8, 1048576 bytes)
[    0.130404] Mount-cache hash table entries: 4096 (order: 3, 32768 bytes)
[    0.131473] Mountpoint-cache hash table entries: 4096 (order: 3, 32768 bytes)
[    0.132655] Initializing cgroup subsys io
[    0.133345] Initializing cgroup subsys memory
[    0.134079] Initializing cgroup subsys devices
[    0.134842] Initializing cgroup subsys freezer
[    0.135587] Initializing cgroup subsys net_cls
[    0.136327] Initializing cgroup subsys perf_event
[    0.137102] Initializing cgroup subsys net_prio
[    0.137854] Initializing cgroup subsys hugetlb
[    0.138594] Initializing cgroup subsys pids
[    0.140240] mce: CPU supports 0 MCE banks
[    0.140956] Last level iTLB entries: 4KB 64, 2MB 8, 4MB 8
[    0.141828] Last level dTLB entries: 4KB 64, 2MB 0, 4MB 0, 1GB 4
[    0.142767] Spectre V1 : Mitigation: usercopy/swapgs barriers and __user pointer sanitization
[    0.144192] Spectre V2 : Mitigation: Full generic retpoline
[    0.145083] Spectre V2 : Spectre v2 / SpectreRSB mitigation: Filling RSB on context switch
[    0.146595] Speculative Store Bypass: Vulnerable
[    0.147485] MDS: Mitigation: Clear CPU buffers
[    0.150039] Freeing SMP alternatives memory: 36K
[    0.154986] ftrace: allocating 32346 entries in 127 pages
[    0.196722] smpboot: APIC(0) Converting physical 0 to logical package 0
[    0.197810] smpboot: Max logical packages: 1
[    0.198695] x2apic enabled
[    0.199371] Switched APIC routing to physical x2apic.
[    0.200934] ..TIMER: vector=0x30 apic1=0 pin1=2 apic2=-1 pin2=-1
[    0.309981] smpboot: CPU0: Intel(R) Core(TM) i7-10700K CPU @ 3.80GHz (family: 0x6, model: 0xa5, stepping: 0x5)
[    0.311753] Performance Events: unsupported p6 CPU model 165 no PMU driver, software events only.
[    0.319142] KVM setup paravirtual spinlock
[    0.321016] x86: Booting SMP configuration:
[    0.321780] .... node  #0, CPUs:      #1
[    0.322908] kvm-clock: cpu 1, msr 0:7ffe3041, secondary cpu clock
[    0.324548] mce: CPU supports 0 MCE banks
[    0.327170]  #2
[    0.327574] kvm-clock: cpu 2, msr 0:7ffe3081, secondary cpu clock
[    0.329240] mce: CPU supports 0 MCE banks
[    0.331791]  #3
[    0.332220] kvm-clock: cpu 3, msr 0:7ffe30c1, secondary cpu clock
[    0.333873] mce: CPU supports 0 MCE banks
[    0.336381] x86: Booted up 1 node, 4 CPUs
[    0.337197] smpboot: Total of 4 processors activated (30335.98 BogoMIPS)
[    0.338577] devtmpfs: initialized
[    0.340818] evm: security.selinux
[    0.341430] evm: security.SMACK64
[    0.342062] evm: security.SMACK64EXEC
[    0.342715] evm: security.SMACK64TRANSMUTE
[    0.343471] evm: security.SMACK64MMAP
[    0.344159] evm: security.ima
[    0.344716] evm: security.capability
[    0.345563] clocksource: jiffies: mask: 0xffffffff max_cycles: 0xffffffff, max_idle_ns: 7645041785100000 ns
[    0.347301] futex hash table entries: 1024 (order: 4, 65536 bytes)
[    0.348470] pinctrl core: initialized pinctrl subsystem
[    0.349397] RTC time:  4:33:01, date: 03/21/21
[    0.350304] NET: Registered protocol family 16
[    0.362147] cpuidle: using governor ladder
[    0.374470] cpuidle: using governor menu
[    0.375397] PCCT header not found.
[    0.376310] ACPI: bus type PCI registered
[    0.377215] acpiphp: ACPI Hot Plug PCI Controller Driver version: 0.5
[    0.378724] PCI: Using configuration type 1 for base access
[    0.390712] ACPI: Added _OSI(Module Device)
[    0.391451] ACPI: Added _OSI(Processor Device)
[    0.392230] ACPI: Added _OSI(3.0 _SCP Extensions)
[    0.393043] ACPI: Added _OSI(Processor Aggregator Device)
[    0.394505] ACPI: Executed 1 blocks of module-level executable AML code
[    0.396977] ACPI: Interpreter enabled
[    0.397639] ACPI: (supports S0 S5)
[    0.398275] ACPI: Using IOAPIC for interrupt routing
[    0.399199] PCI: Using host bridge windows from ACPI; if necessary, use "pci=nocrs" and report a bug
[    0.403822] ACPI: PCI Root Bridge [PCI0] (domain 0000 [bus 00-ff])
[    0.404871] acpi PNP0A03:00: _OSC: OS supports [ASPM ClockPM Segments MSI]
[    0.406222] acpi PNP0A03:00: _OSC: not requesting OS control; OS requires [ExtendedConfig ASPM ClockPM MSI]
[    0.407869] acpi PNP0A03:00: fail to add MMCONFIG information, can't access extended PCI configuration space under this bridge.
[    0.410004] PCI host bridge to bus 0000:00
[    0.410701] pci_bus 0000:00: root bus resource [io  0x0000-0x0cf7 window]
[    0.411789] pci_bus 0000:00: root bus resource [io  0x0d00-0xffff window]
[    0.412872] pci_bus 0000:00: root bus resource [mem 0x000a0000-0x000bffff window]
[    0.414317] pci_bus 0000:00: root bus resource [mem 0x80000000-0xfdffffff window]
[    0.415613] pci_bus 0000:00: root bus resource [bus 00-ff]
[    0.418294] pci 0000:00:01.1: legacy IDE quirk: reg 0x10: [io  0x01f0-0x01f7]
[    0.419402] pci 0000:00:01.1: legacy IDE quirk: reg 0x14: [io  0x03f6]
[    0.420452] pci 0000:00:01.1: legacy IDE quirk: reg 0x18: [io  0x0170-0x0177]
[    0.421562] pci 0000:00:01.1: legacy IDE quirk: reg 0x1c: [io  0x0376]
[    0.439375] pci 0000:00:07.0: quirk: [io  0x4000-0x403f] claimed by PIIX4 ACPI
[    0.440786] pci 0000:00:07.0: quirk: [io  0x4100-0x410f] claimed by PIIX4 SMB
[    0.448959] ACPI: PCI Interrupt Link [LNKA] (IRQs 5 9 10 *11)
[    0.450284] ACPI: PCI Interrupt Link [LNKB] (IRQs 5 9 *10 11)
[    0.451574] ACPI: PCI Interrupt Link [LNKC] (IRQs 5 *9 10 11)
[    0.452836] ACPI: PCI Interrupt Link [LNKD] (IRQs 5 9 10 *11)
[    0.454138] ACPI: Enabled 2 GPEs in block 00 to 07
[    0.455223] vgaarb: setting as boot device: PCI:0000:00:02.0
[    0.456426] vgaarb: device added: PCI:0000:00:02.0,decodes=io+mem,owns=io+mem,locks=none
[    0.457793] vgaarb: loaded
[    0.458335] vgaarb: bridge control possible 0000:00:02.0
[    0.459349] SCSI subsystem initialized
[    0.460904] ACPI: bus type USB registered
[    0.461618] usbcore: registered new interface driver usbfs
[    0.462543] usbcore: registered new interface driver hub
[    0.463421] usbcore: registered new device driver usb
[    0.464538] PCI: Using ACPI for IRQ routing
[    0.465516] NetLabel: Initializing
[    0.466149] NetLabel:  domain hash size = 128
[    0.466920] NetLabel:  protocols = UNLABELED CIPSOv4
[    0.467845] NetLabel:  unlabeled traffic allowed by default
[    0.468934] amd_nb: Cannot enumerate AMD northbridges
[    0.469850] clocksource: Switched to clocksource kvm-clock
[    0.475681] AppArmor: AppArmor Filesystem Enabled
[    0.476612] pnp: PnP ACPI init
[    0.478023] pnp: PnP ACPI: found 3 devices
[    0.489341] clocksource: acpi_pm: mask: 0xffffff max_cycles: 0xffffff, max_idle_ns: 2085701024 ns
[    0.490876] NET: Registered protocol family 2
[    0.491739] TCP established hash table entries: 16384 (order: 5, 131072 bytes)
[    0.493002] TCP bind hash table entries: 16384 (order: 6, 262144 bytes)
[    0.494051] TCP: Hash tables configured (established 16384 bind 16384)
[    0.495109] UDP hash table entries: 1024 (order: 3, 32768 bytes)
[    0.496066] UDP-Lite hash table entries: 1024 (order: 3, 32768 bytes)
[    0.497099] NET: Registered protocol family 1
[    0.497841] pci 0000:00:00.0: Limiting direct PCI/PCI transfers
[    0.498831] pci 0000:00:01.0: Activating ISA DMA hang workarounds
[    0.499921] Unpacking initramfs...
[    0.655064] Freeing initrd memory: 14884K
[    0.655886] clocksource: tsc: mask: 0xffffffffffffffff max_cycles: 0x6d51a1f9672, max_idle_ns: 881590864124 ns
[    0.657533] platform rtc_cmos: registered platform RTC device (no PNP device found)
[    0.658952] Scanning for low memory corruption every 60 seconds
[    0.660134] audit: initializing netlink subsys (disabled)
[    0.661032] audit: type=2000 audit(1616301186.091:1): initialized
[    0.662175] Initialise system trusted keyring
[    0.663110] HugeTLB registered 2 MB page size, pre-allocated 0 pages
[    0.664923] zbud: loaded
[    0.665824] VFS: Disk quotas dquot_6.6.0
[    0.666578] VFS: Dquot-cache hash table entries: 512 (order 0, 4096 bytes)
[    0.668112] squashfs: version 4.0 (2009/01/31) Phillip Lougher
[    0.669499] fuse init (API version 7.23)
[    0.670332] Key type big_key registered
[    0.671041] Allocating IMA MOK and blacklist keyrings.
[    0.673162] Key type asymmetric registered
[    0.673902] Asymmetric key parser 'x509' registered
[    0.674763] Block layer SCSI generic (bsg) driver version 0.4 loaded (major 249)
[    0.676950] io scheduler noop registered
[    0.677644] io scheduler deadline registered (default)
[    0.678601] io scheduler cfq registered
[    0.679346] pci_hotplug: PCI Hot Plug PCI Core version: 0.5
[    0.680259] pciehp: PCI Express Hot Plug Controller Driver version: 0.4
[    0.681455] ACPI: AC Adapter [AC] (on-line)
[    0.682273] input: Power Button as /devices/LNXSYSTM:00/LNXPWRBN:00/input/input0
[    0.683545] ACPI: Power Button [PWRF]
[    0.684249] input: Sleep Button as /devices/LNXSYSTM:00/LNXSLPBN:00/input/input1
[    0.685523] ACPI: Sleep Button [SLPF]
[    0.686395] GHES: HEST is not enabled!
[    0.687121] Serial: 8250/16550 driver, 32 ports, IRQ sharing enabled
[    0.708572] 00:02: ttyS0 at I/O 0x3f8 (irq = 4, base_baud = 115200) is a 16550A
[    0.710797] Linux agpgart interface v0.103
[    0.712939] loop: module loaded
[    0.714015] scsi host0: ata_piix
[    0.714755] scsi host1: ata_piix
[    0.715370] ata1: PATA max UDMA/33 cmd 0x1f0 ctl 0x3f6 bmdma 0xd000 irq 14
[    0.716586] ata2: PATA max UDMA/33 cmd 0x170 ctl 0x376 bmdma 0xd008 irq 15
[    0.717731] libphy: Fixed MDIO Bus: probed
[    0.718660] tun: Universal TUN/TAP device driver, 1.6
[    0.719507] tun: (C) 1999-2004 Max Krasnyansky <maxk@qualcomm.com>
[    0.720519] PPP generic driver version 2.4.2
[    0.721319] ehci_hcd: USB 2.0 'Enhanced' Host Controller (EHCI) Driver
[    0.722480] ehci-pci: EHCI PCI platform driver
[    0.723259] ehci-platform: EHCI generic platform driver
[    0.724130] ohci_hcd: USB 1.1 'Open' Host Controller (OHCI) Driver
[    0.725130] ohci-pci: OHCI PCI platform driver
[    0.725897] ohci-platform: OHCI generic platform driver
[    0.726831] uhci_hcd: USB Universal Host Controller Interface driver
[    0.727901] i8042: PNP: PS/2 Controller [PNP0303:PS2K,PNP0f03:PS2M] at 0x60,0x64 irq 1,12
[    0.729783] serio: i8042 KBD port at 0x60,0x64 irq 1
[    0.730688] serio: i8042 AUX port at 0x60,0x64 irq 12
[    0.731597] mousedev: PS/2 mouse device common for all mice
[    0.732885] rtc_cmos rtc_cmos: rtc core: registered rtc_cmos as rtc0
[    0.733966] input: AT Translated Set 2 keyboard as /devices/platform/i8042/serio0/input/input2
[    0.735543] rtc_cmos rtc_cmos: alarms up to one day, 114 bytes nvram
[    0.736565] i2c /dev entries driver
[    0.737224] device-mapper: uevent: version 1.0.3
[    0.738086] device-mapper: ioctl: 4.34.0-ioctl (2015-10-28) initialised: dm-devel@redhat.com
[    0.739517] ledtrig-cpu: registered to indicate activity on CPUs
[    0.740898] NET: Registered protocol family 10
[    0.741798] NET: Registered protocol family 17
[    0.742608] Key type dns_resolver registered
[    0.743484] registered taskstats version 1
[    0.744202] Loading compiled-in X.509 certificates
[    0.745346] Loaded X.509 cert 'Build time autogenerated kernel key: 34492021b4051d5295bb5f61ac4b8fe0de34ccb2'
[    0.747061] zswap: loaded using pool lzo/zbud
[    0.748878] Key type trusted registered
[    0.751436] Key type encrypted registered
[    0.752133] AppArmor: AppArmor sha1 policy hashing enabled
[    0.753020] ima: No TPM chip found, activating TPM-bypass!
[    0.753920] ima: Allocated hash algorithm: sha1
[    0.754697] evm: HMAC attrs: 0x1
[    0.755679]   Magic number: 13:11:566
[    0.756397] rtc_cmos rtc_cmos: setting system clock to 2021-03-21 04:33:01 UTC (1616301181)
[    0.757899] BIOS EDD facility v0.16 2004-Jun-25, 0 devices found
[    0.758861] EDD information not available.
[    0.897427] Freeing unused kernel memory: 1492K
[    0.898428] Write protecting the kernel read-only data: 14336k
[    0.899678] Freeing unused kernel memory: 1592K
[    0.900569] Freeing unused kernel memory: 64K
Loading, please wait...
starting version 229
[    0.909069] random: systemd-udevd: uninitialized urandom read (16 bytes read, 3 bits of entropy available)
[    0.909499] random: udevadm: uninitialized urandom read (16 bytes read, 3 bits of entropy available)
[    0.909511] random: udevadm: uninitialized urandom read (16 bytes read, 3 bits of entropy available)
[    0.913927] random: systemd-udevd: uninitialized urandom read (16 bytes read, 3 bits of entropy available)
[    0.914062] random: udevadm: uninitialized urandom read (16 bytes read, 3 bits of entropy available)
[    0.914089] random: udevadm: uninitialized urandom read (16 bytes read, 3 bits of entropy available)
[    0.914226] random: udevadm: uninitialized urandom read (16 bytes read, 3 bits of entropy available)
[    0.914253] random: udevadm: uninitialized urandom read (16 bytes read, 3 bits of entropy available)
[    0.914279] random: udevadm: uninitialized urandom read (16 bytes read, 3 bits of entropy available)
[    0.914305] random: udevadm: uninitialized urandom read (16 bytes read, 3 bits of entropy available)
[    0.936115] e1000: Intel(R) PRO/1000 Network Driver - version 7.3.21-k8-NAPI
[    0.936118] Fusion MPT base driver 3.04.20
[    0.936118] Copyright (c) 1999-2008 LSI Corporation
[    0.938919] e1000: Copyright (c) 1999-2006 Intel Corporation.
[    0.942018] Fusion MPT SPI Host driver 3.04.20
[    0.946793] AVX2 version of gcm_enc/dec engaged.
[    0.947599] AES CTR mode by8 optimization enabled
[    1.152482] input: ImExPS/2 Generic Explorer Mouse as /devices/platform/i8042/serio1/input/input4
[    1.310104] e1000 0000:00:03.0 eth0: (PCI:33MHz:32-bit) 02:8b:9b:7c:43:4a
[    1.311186] e1000 0000:00:03.0 eth0: Intel(R) PRO/1000 Network Connection
[    2.798998] e1000 0000:00:08.0 eth1: (PCI:33MHz:32-bit) 08:00:27:05:0d:fc
[    2.800181] e1000 0000:00:08.0 eth1: Intel(R) PRO/1000 Network Connection
[    2.802016] e1000 0000:00:08.0 enp0s8: renamed from eth1
[    2.803034] mptbase: ioc0: Initiating bringup
[    2.818131] e1000 0000:00:03.0 enp0s3: renamed from eth0
[    2.974369] ioc0: LSI53C1030 A0: Capabilities={Initiator}
[    4.663732] scsi host2: ioc0: LSI53C1030 A0, FwRev=00000000h, Ports=1, MaxQ=256, IRQ=20
[    5.736205] scsi 2:0:0:0: Direct-Access     VBOX     HARDDISK         1.0  PQ: 0 ANSI: 5
[    5.737581] scsi target2:0:0: Beginning Domain Validation
[    5.739228] scsi target2:0:0: Domain Validation skipping write tests
[    5.740258] scsi target2:0:0: Ending Domain Validation
[    5.741132] scsi target2:0:0: asynchronous
[    5.742178] scsi 2:0:1:0: Direct-Access     VBOX     HARDDISK         1.0  PQ: 0 ANSI: 5
[    5.743547] scsi target2:0:1: Beginning Domain Validation
[    5.750916] scsi target2:0:1: Domain Validation skipping write tests
[    5.751933] scsi target2:0:1: Ending Domain Validation
[    5.752811] scsi target2:0:1: asynchronous
[    5.757645] sd 2:0:0:0: Attached scsi generic sg0 type 0
[    5.758643] sd 2:0:0:0: [sda] 20971520 512-byte logical blocks: (10.7 GB/10.0 GiB)
[    5.760104] sd 2:0:0:0: [sda] Write Protect is off
[    5.760275] sd 2:0:1:0: [sdb] 20480 512-byte logical blocks: (10.5 MB/10.0 MiB)
[    5.760457] sd 2:0:1:0: [sdb] Write Protect is off
[    5.760574] sd 2:0:1:0: [sdb] Incomplete mode parameter data
[    5.760575] sd 2:0:1:0: [sdb] Assuming drive cache: write through
[    5.764957] sd 2:0:1:0: Attached scsi generic sg1 type 0
[    5.765965] sd 2:0:0:0: [sda] Incomplete mode parameter data
[    5.766917] sd 2:0:0:0: [sda] Assuming drive cache: write through
[    5.768943]  sda: sda1
[    5.769442] sd 2:0:1:0: [sdb] Attached SCSI disk
[    5.770889] sd 2:0:0:0: [sda] Attached SCSI disk
Begin: Loading essential drivers ... [    6.970778] md: linear personality registered for level -1
[    6.973316] md: multipath personality registered for level -4
[    6.975784] md: raid0 personality registered for level 0
[    6.979098] md: raid1 personality registered for level 1
[    7.050289] raid6: sse2x1   gen() 14035 MB/s
[    7.117925] raid6: sse2x1   xor()  9450 MB/s
[    7.186242] raid6: sse2x2   gen() 20222 MB/s
[    7.254347] raid6: sse2x2   xor() 13135 MB/s
[    7.321902] raid6: sse2x4   gen() 21481 MB/s
[    7.390038] raid6: sse2x4   xor() 12671 MB/s
[    7.458071] raid6: avx2x1   gen() 28463 MB/s
[    7.525994] raid6: avx2x2   gen() 36626 MB/s
[    7.594021] raid6: avx2x4   gen() 41119 MB/s
[    7.594777] raid6: using algorithm avx2x4 gen() 41119 MB/s
[    7.595676] raid6: using avx2x2 recovery algorithm
[    7.597181] xor: automatically using best checksumming function:
[    7.637886]    avx       : 34593.000 MB/sec
[    7.639687] async_tx: api initialized (async)
[    7.648294] md: raid6 personality registered for level 6
[    7.649263] md: raid5 personality registered for level 5
[    7.650265] md: raid4 personality registered for level 4
[    7.655332] md: raid10 personality registered for level 10
done.
Begin: Running /scripts/init-premount ... done.
Begin: Mounting root file system ... Begin: Running /scripts/local-top ... done.
Begin: Running /scripts/local-premount ... [    7.676321] Btrfs loaded
Scanning for Btrfs filesystems
done.
Warning: fsck not present, so skipping root file system
[    7.695834] EXT4-fs (sda1): mounted filesystem with ordered data mode. Opts: (null)
done.
Begin: Running /scripts/local-bottom ... done.
Begin: Running /scripts/init-bottom ... done.
[    7.742781] systemd[1]: systemd 229 running in system mode. (+PAM +AUDIT +SELINUX +IMA +APPARMOR +SMACK +SYSVINIT +UTMP +LIBCRYPTSETUP +GCRYPT +GNUTLS +ACL +XZ -LZ4 +SECCOMP +BLKID +ELFUTILS +KMOD -IDN)
[    7.745619] systemd[1]: Detected virtualization oracle.
[    7.746532] systemd[1]: Detected architecture x86-64.

Welcome to [1mUbuntu 16.04.7 LTS[0m!

[    7.749714] systemd[1]: Set hostname to <ubuntu-xenial>.
[    7.823890] systemd[1]: Listening on udev Kernel Socket.
[[0;32m  OK  [0m] Listening on udev Kernel Socket.
[    7.825763] systemd[1]: Listening on Syslog Socket.
[[0;32m  OK  [0m] Listening on Syslog Socket.
[    7.827631] systemd[1]: Listening on LVM2 poll daemon socket.
[[0;32m  OK  [0m] Listening on LVM2 poll daemon socket.
[    7.829524] systemd[1]: Listening on /dev/initctl Compatibility Named Pipe.
[[0;32m  OK  [0m] Listening on /dev/initctl Compatibility Named Pipe.
[    7.831818] systemd[1]: Listening on Device-mapper event daemon FIFOs.
[[0;32m  OK  [0m] Listening on Device-mapper event daemon FIFOs.
[    7.833991] systemd[1]: Started Forward Password Requests to Wall Directory Watch.
[[0;32m  OK  [0m] Started Forward Password Requests to Wall Directory Watch.
[    7.836497] systemd[1]: Listening on udev Control Socket.
[[0;32m  OK  [0m] Listening on udev Control Socket.
[    7.838530] systemd[1]: Created slice User and Session Slice.
[[0;32m  OK  [0m] Created slice User and Session Slice.
[    7.840731] systemd[1]: Created slice System Slice.
[[0;32m  OK  [0m] Created slice System Slice.
[    7.842766] systemd[1]: Created slice system-serial\x2dgetty.slice.
[[0;32m  OK  [0m] Created slice system-serial\x2dgetty.slice.
[    7.844947] systemd[1]: Reached target Slices.
[[0;32m  OK  [0m] Reached target Slices.
[    7.846754] systemd[1]: Reached target Encrypted Volumes.
[[0;32m  OK  [0m] Reached target Encrypted Volumes.
[    7.848728] systemd[1]: Reached target User and Group Name Lookups.
[[0;32m  OK  [0m] Reached target User and Group Name Lookups.
[    7.850828] systemd[1]: Listening on Journal Audit Socket.
[[0;32m  OK  [0m] Listening on Journal Audit Socket.
[    7.852634] systemd[1]: Listening on LVM2 metadata daemon socket.
[[0;32m  OK  [0m] Listening on LVM2 metadata daemon socket.
[    7.854671] systemd[1]: Set up automount Arbitrary Executable File Formats File System Automount Point.
[[0;32m  OK  [0m] Set up automount Arbitrary Executab...ats File System Automount Point.
[    7.857514] systemd[1]: Reached target Swap.
[[0;32m  OK  [0m] Reached target Swap.
[    7.859066] systemd[1]: Listening on Journal Socket.
[[0;32m  OK  [0m] Listening on Journal Socket.
[    7.874009] systemd[1]: Starting Monitoring of LVM2 mirrors, snapshots etc. using dmeventd or progress polling...
         Starting Monitoring of LVM2 mirrors... dmeventd or progress polling...
[    7.877403] systemd[1]: Starting Nameserver information manager...
         Starting Nameserver information manager...
[    7.879973] systemd[1]: Mounting Huge Pages File System...
         Mounting Huge Pages File System...
[    7.883116] systemd[1]: Starting Remount Root and Kernel File Systems...
         Starting Remount Root and Kernel File Systems...
[    7.885468] EXT4-fs (sda1): re-mounted. Opts: (null)
[    7.885579] systemd[1]: Mounting Debug File System...
         Mounting Debug File System...
[    7.888654] systemd[1]: Starting Create list of required static device nodes for the current kernel...
         Starting Create list of required st... nodes for the current kernel...
[    7.891992] systemd[1]: Starting Uncomplicated firewall...
         Starting Uncomplicated firewall...
[    7.894393] systemd[1]: Starting Load Kernel Modules...
         Starting Load Kernel Modules...
[    7.896731] systemd[1]: Starting Set console keymap...
         Starting Set console keymap...
[    7.899627] Loading iSCSI transport class v2.0-870.
[    7.899986] systemd[1]: Mounting POSIX Message Queue File System...
         Mounting POSIX Message Queue File System...
[    7.902612] systemd[1]: Reached target System Time Synchronized.
[[0;32m  OK  [0m] Reached target System Time Synchronized.
[    7.904760] systemd[1]: Started Trigger resolvconf update for networkd DNS.
[[0;32m  OK  [0m] Started Trigger resolvconf update for networkd DNS.
[    7.907097] iscsi: registered transport (tcp)
[    7.907156] systemd[1]: Listening on Journal Socket (/dev/log).
[[0;32m  OK  [0m] Listening on Journal Socket (/dev/log).
[    7.910410] systemd[1]: Starting Journal Service...
         Starting Journal Service...
[    7.913112] systemd[1]: Mounted POSIX Message Queue File System.
[[0;32m  OK  [0m] Mounted POSIX Message Queue File System.
[    7.916076] systemd[1]: Mounted Debug File System.
[[0;32m  OK  [0m] Mounted Debug File System.
[    7.917940] systemd[1]: Mounted Huge Pages File System.
[[0;32m  OK  [0m] Mounted Huge Pages File System.
[    7.920395] systemd[1]: Started Remount Root and Kernel File Systems.
[[0;32m  OK  [0m] Started Remount Root and Kernel File Systems.
[    7.923604] systemd[1]: Started Create list of required static device nodes for the current kernel.
[[0;32m  OK  [0m] Started Create list of required sta...ce nodes for the current kernel.
[    7.927108] systemd[1]: Started Uncomplicated firewall.
[[0;32m  OK  [0m] Started Uncomplicated firewall.
[    7.929152] iscsi: registered transport (iser)
[    7.929251] systemd[1]: Started Set console keymap.
[[0;32m  OK  [0m] Started Set console keymap.
[    7.931920] systemd[1]: Started Load Kernel Modules.
[[0;32m  OK  [0m] Started Load Kernel Modules.
[    7.933869] systemd[1]: Started Nameserver information manager.
[[0;32m  OK  [0m] Started Nameserver information manager.
[    7.937094] systemd[1]: Started Journal Service.
[[0;32m  OK  [0m] Started Journal Service.
[[0;32m  OK  [0m] Started LVM2 metadata daemon.
         Starting Apply Kernel Variables...
         Mounting FUSE Control File System...
         Starting Create Static Device Nodes in /dev...
         Starting Load/Save Random Seed...
         Starting udev Coldplug all Devices...
         Starting Flush Journal to Persistent Storage...
[[0;32m  OK  [0m] Mounted FUSE Control File System.
[[0;32m  OK  [0m] Started Apply Kernel Variables.
[[0;32m  OK  [0m] Started Load/Save Random Seed.
[[0;32m  OK  [0m] Started Create Static Device Nodes in /dev.
         Starting udev Kernel Device Manager...
[[0;32m  OK  [0m] Started Flush Journal to Persistent Storage.
[[0;32m  OK  [0m] Started udev Kernel Device Manager.
[[0;32m  OK  [0m] Started udev Coldplug all Devices.
[[0;32m  OK  [0m] Started Dispatch Password Requests to Console Directory Watch.
[[0;32m  OK  [0m] Found device /dev/ttyS0.
[[0;32m  OK  [0m] Listening on Load/Save RF Kill Switch Status /dev/rfkill Watch.
[[0;32m  OK  [0m] Started Monitoring of LVM2 mirrors,...ng dmeventd or progress polling.
[[0;32m  OK  [0m] Reached target Local File Systems (Pre).
         Mounting /vagrant...
[[0;32m  OK  [0m] Reached target Local File Systems.
         Starting Initial cloud-init job (pre-networking)...
         Starting LSB: AppArmor initialization...
         Starting Create Volatile Files and Directories...
         Starting Set console font and keymap...
         Starting Tell Plymouth To Write Out Runtime Data...
[[0;1;31mFAILED[0m] Failed to mount /vagrant.
See 'systemctl status vagrant.mount' for details.
[[0;32m  OK  [0m] Started Create Volatile Files and Directories.
[[0;32m  OK  [0m] Started Tell Plymouth To Write Out Runtime Data.
         Starting Update UTMP about System Boot/Shutdown...
[[0;32m  OK  [0m] Found device 82540EM Gigabit Ethern...r (PRO/1000 MT Desktop Adapter).
[[0;32m  OK  [0m] Found device 82540EM Gigabit Ethern...r (PRO/1000 MT Desktop Adapter).
[[0;32m  OK  [0m] Started Update UTMP about System Boot/Shutdown.
[[0;32m  OK  [0m] Started LSB: AppArmor initialization.
         Starting Load AppArmor profiles managed internally by snapd...
[[0;32m  OK  [0m] Started Load AppArmor profiles managed internally by snapd.
[[0;32m  OK  [0m] Started Set console font and keymap.
[[0;32m  OK  [0m] Created slice system-getty.slice.
[    8.505296] cloud-init[648]: Cloud-init v. 20.3-2-g371b392c-0ubuntu1~16.04.1 running 'init-local' at Sun, 21 Mar 2021 04:33:09 +0000. Up 8.36 seconds.
[[0;32m  OK  [0m] Started Initial cloud-init job (pre-networking).
[[0;32m  OK  [0m] Reached target Network (Pre).
[[0;32m  OK  [0m] Started ifup for enp0s8.
[[0;32m  OK  [0m] Started ifup for enp0s3.
         Starting Raise network interfaces...
[[0;32m  OK  [0m] Started Raise network interfaces.
[[0;32m  OK  [0m] Reached target Network.
         Starting Initial cloud-init job (metadata service crawler)...
[    8.929825] cloud-init[1103]: Cloud-init v. 20.3-2-g371b392c-0ubuntu1~16.04.1 running 'init' at Sun, 21 Mar 2021 04:33:09 +0000. Up 8.80 seconds.
[    8.931707] cloud-init[1103]: ci-info: ++++++++++++++++++++++++++++++++++++++Net device info++++++++++++++++++++++++++++++++++++++
[    8.933610] cloud-init[1103]: ci-info: +--------+------+----------------------------+---------------+--------+-------------------+
[    8.935309] cloud-init[1103]: ci-info: | Device |  Up  |          Address           |      Mask     | Scope  |     Hw-Address    |
[    8.937444] cloud-init[1103]: ci-info: +--------+------+----------------------------+---------------+--------+-------------------+
[    8.939163] cloud-init[1103]: ci-info: | enp0s3 | True |         10.0.2.15          | 255.255.255.0 | global | 02:8b:9b:7c:43:4a |
[    8.940952] cloud-init[1103]: ci-info: | enp0s3 | True | fe80::8b:9bff:fe7c:434a/64 |       .       |  link  | 02:8b:9b:7c:43:4a |
[    8.942704] cloud-init[1103]: ci-info: | enp0s8 | True |       192.168.33.10        | 255.255.255.0 | global | 08:00:27:05:0d:fc |
[    8.944595] cloud-init[1103]: ci-info: | enp0s8 | True | fe80::a00:27ff:fe05:dfc/64 |       .       |  link  | 08:00:27:05:0d:fc |
[    8.946284] cloud-init[1103]: ci-info: |   lo   | True |         127.0.0.1          |   255.0.0.0   |  host  |         .         |
[    8.947963] cloud-init[1103]: ci-info: |   lo   | True |          ::1/128           |       .       |  host  |         .         |
[    8.949723] cloud-init[1103]: ci-info: +--------+------+----------------------------+---------------+--------+-------------------+
[    8.951416] cloud-init[1103]: ci-info: ++++++++++++++++++++++++++++Route IPv4 info++++++++++++++++++++++++++++
[    8.952965] [[0;32m  OK  [0m] Started Initial cloud-init job (metadata service crawler).
[[0;32m  OK  [0m] Reached target Network is Online.
cloud-init[1103]: ci-info: +-------+--------------+----------+---------------+-----------+-------+
[    8.956249] cloud-init[1103]: ci-info: | Route | Destination  | Gateway  |    Genmask    | Interface | Flags |
[    8.957635] cloud-init[1103]: ci-info: +-------+--------------+----------+---------------+-----------+-------+
[    8.959085] cloud-init[1103]: ci-info: |   0   |   0.0.0.0    | 10.0.2.2 |    0.0.0.0    |   enp0s3  |   UG  |
[    8.960589] cloud-init[1103]: ci-info: |   1   |   10.0.2.0   | 0.0.0.0  | 255.255.255.0 |   enp0s3  |   U   |
[    8.962033] cloud-init[1103]: ci-info: |   2   | 192.168.33.0 | 0.0.0.0  | 255.255.255.0 |   enp0s8  |   U   |
[    8.963472] cloud-init[1103]: ci-info: +-------+--------------+----------+---------------+-----------+-------+
[    8.965024] cloud-init[1103]: ci-info: +++++++++++++++++++Route IPv6 info+++++++++++++++++++
[    8.966221] cloud-init[1103]: ci-info: +-------+-------------+---------+-----------+-------+
[    8.968277]          cloud-initStarting iSCSI initiator daemon (iscsid)...[1103]: 
ci-info: | Route | Destination | Gateway | Interface | Flags |
[    8.969896] [[0;32m  OK  [0m] Reached target Cloud-config availability.
[[0;32m  OK  [0m] Reached target System Initialization.
cloud-init         Starting LXD - unix socket.
[[0;32m  OK  [0m] Listening on ACPID Listen Socket.
[[0;32m  OK  [0m] Listening on D-Bus System Message Bus Socket.
[1103]: [[0;32m  OK  [0m] Started Daily apt download activities.
[[0;32m  OK  [0m] Started Daily apt upgrade and clean activities.
ci-info: +-------+-------------+---------+-----------+-------+
[    8.975422] [[0;32m  OK  [0m] Started ACPI Events Check.
[[0;32m  OK  [0m] Reached target Paths.
[[0;32m  OK  [0m] Started Daily Cleanup of Temporary Directories.
[[0;32m  OK  [0m] Started Message of the Day.
[[0;32m  OK  [0m] Reached target Timers.
         Starting Socket activation for snappy daemon.
[[0;32m  OK  [0m] Listening on UUID daemon activation socket.
[[0;32m  OK  [0m] Listening on LXD - unix socket.
[[0;32m  OK  [0m] Listening on Socket activation for snappy daemon.
[[0;32m  OK  [0m] Reached target Sockets.
[[0;32m  OK  [0m] Reached target Basic System.
[[0;32m  OK  [0m] Started FUSE filesystem for LXC.
[[0;32m  OK  [0m] Started D-Bus System Message Bus.
cloud-init[1103]: ci-info: |   0   |  fe80::/64  |    ::   |   enp0s8  |   U   |
[    8.983806] cloud-init[1103]: ci-info: |   1   |  fe80::/64  |    ::   |   enp0s3  |   U   |
[    8.985425] cloud-init[1103]: ci-info: |   4   |   ff00::/8  |    ::   |   enp0s8  |   U   |
[    8.986859] cloud-init[1103]: ci-info: |   5   |   ff00::/8  |    ::   |   enp0s3  |   U   |
[    8.988284] cloud-init[1103]: ci-info: +-------+-------------+---------+-----------+-------+
         Starting LSB: Record successful boot for GRUB...
[[0;32m  OK  [0m] Started ACPI event daemon.
         Starting LXD - container startup/shutdown...
         Starting System Logging Service...
         Starting /etc/rc.local Compatibility...
         Starting Virtualbox guest utils...
[[0;32m  OK  [0m] Started Deferred execution scheduler.
[[0;32m  OK  [0m] Started Regular background program processing daemon.
         Starting OpenBSD Secure Shell server...
         Starting Login Service...
         Starting Accounts Service...
         Starting Snap Daemon...
         Starting LSB: MD monitoring daemon...
[[0;32m  OK  [0m] Started System Logging Service.
[[0;32m  OK  [0m] Started iSCSI initiator daemon (iscsid).
[[0;32m  OK  [0m] Started /etc/rc.local Compatibility.
         Starting Login to default iSCSI targets...
[[0;32m  OK  [0m] Started Login Service.
[[0;32m  OK  [0m] Started Unattended Upgrades Shutdown.
[[0;32m  OK  [0m] Started LSB: Record successful boot for GRUB.
[[0;32m  OK  [0m] Started LXD - container startup/shutdown.
[[0;32m  OK  [0m] Started LSB: MD monitoring daemon.
         Starting Authenticate and Authorize Users to Run Privileged Tasks...
[[0;32m  OK  [0m] Started Login to default iSCSI targets.
[[0;32m  OK  [0m] Reached target Remote File Systems (Pre).
[[0;32m  OK  [0m] Reached target Remote File Systems.
         Starting LSB: daemon to balance interrupts for SMP systems...
         Starting Permit User Sessions...
         Starting LSB: Apache2 web server...
         Starting LSB: automatic crash report generation...
         Starting LSB: Set the CPU Frequency Scaling governor to "ondemand"...
[[0;32m  OK  [0m] Started OpenBSD Secure Shell server.
[[0;32m  OK  [0m] Started Permit User Sessions.
         Starting Terminate Plymouth Boot Screen...
         Starting Hold until boot process finishes up...
[[0;32m  OK  [0m] Started Authenticate and Authorize Users to Run Privileged Tasks.
[[0;32m  OK  [0m] Started Hold until boot process finishes up.
[[0;32m  OK  [0m] Started Accounts Service.
         Starting Set console scheme...
[[0;32m  OK  [0m] Started Serial Getty on ttyS0.
[[0;32m  OK  [0m] Started Getty on tty1.
[[0;32m  OK  [0m] Reached target Login Prompts.
[[0;32m  OK  [0m] Started LSB: Set the CPU Frequency Scaling governor to "ondemand".
[[0;32m  OK  [0m] Started Terminate Plymouth Boot Screen.
[[0;32m  OK  [0m] Started Set console scheme.
[[0;32m  OK  [0m] Started LSB: automatic crash report generation.
[[0;32m  OK  [0m] Started LSB: daemon to balance interrupts for SMP systems.
[[0;32m  OK  [0m] Started Virtualbox guest utils.
[[0;32m  OK  [0m] Started Snap Daemon.
         Starting Wait until snapd is fully seeded...
[[0;32m  OK  [0m] Started Wait until snapd is fully seeded.
         Starting Apply the settings specified in cloud-config...
[    9.411874] cloud-init[1439]: Cloud-init v. 20.3-2-g371b392c-0ubuntu1~16.04.1 running 'modules:config' at Sun, 21 Mar 2021 04:33:10 +0000. Up 9.36 seconds.
[[0;32m  OK  [0m] Started Apply the settings specified in cloud-config.
[[0;32m  OK  [0m] Started LSB: Apache2 web server.
[[0;32m  OK  [0m] Reached target Multi-User System.
         Starting Execute cloud user/final scripts...
[[0;32m  OK  [0m] Reached target Graphical Interface.
         Starting Update UTMP about System Runlevel Changes...
[[0;32m  OK  [0m] Started Update UTMP about System Runlevel Changes.
[   10.427518] cloud-init[1450]: Cloud-init v. 20.3-2-g371b392c-0ubuntu1~16.04.1 running 'modules:final' at Sun, 21 Mar 2021 04:33:11 +0000. Up 10.37 seconds.
[   10.429496] cloud-init[1450]: Cloud-init v. 20.3-2-g371b392c-0ubuntu1~16.04.1 finished at Sun, 21 Mar 2021 04:33:11 +0000. Datasource DataSourceNoCloud [seed=/dev/sdb][dsmode=net].  Up 10.42 seconds
[[0;32m  OK  [0m] Started Execute cloud user/final scripts.
[[0;32m  OK  [0m] Reached target Cloud-init target.

Ubuntu 16.04.7 LTS ubuntu-xenial ttyS0

ubuntu-xenial login: 